<?xml version="1.0" ?>
<testsuites disabled="0" errors="0" failures="49" tests="193" time="0.0">
	<testsuite disabled="0" errors="0" failures="24" name="terraform scan" skipped="0" tests="168" time="0">
		<properties>
			<property name="directory" value="['/app']"/>
			<property name="add_check" value="False"/>
			<property name="list" value="False"/>
			<property name="output" value="['junitxml']"/>
			<property name="output_file_path" value="results.xml"/>
			<property name="output_bc_ids" value="False"/>
			<property name="include_all_checkov_policies" value="True"/>
			<property name="quiet" value="False"/>
			<property name="compact" value="False"/>
			<property name="framework" value="['all']"/>
			<property name="skip_framework" value="[]"/>
			<property name="run_all_external_checks" value="False"/>
			<property name="soft_fail" value="False"/>
			<property name="skip_results_upload" value="False"/>
			<property name="repo_id" value="cli_repo/app"/>
			<property name="branch" value="master"/>
			<property name="skip_download" value="False"/>
			<property name="use_enforcement_rules" value="False"/>
			<property name="external_modules_download_path" value=".external_modules"/>
			<property name="evaluate_variables" value="True"/>
			<property name="no_cert_verify" value="False"/>
			<property name="create_baseline" value="False"/>
			<property name="output_baseline_as_skipped" value="False"/>
			<property name="secrets_scan_file_type" value="[]"/>
			<property name="enable_secret_scan_all_files" value="False"/>
			<property name="block_list_secret_scan" value="[]"/>
			<property name="summary_position" value="top"/>
			<property name="skip_resources_without_violations" value="False"/>
			<property name="deep_analysis" value="False"/>
			<property name="no_fail_on_crash" value="False"/>
			<property name="mask" value="defaultdict(&lt;class 'set'&gt;, {})"/>
			<property name="scan_secrets_history" value="False"/>
			<property name="secrets_history_timeout" value="12h"/>
			<property name="custom_tool_name" value="Checkov"/>
		</properties>
		<testcase name="[NONE][CKV_AWS_93] Ensure S3 bucket policy does not lockout all but root user. (Prevent lockouts needing root account fixes)" classname="/S3.tf.aws_s3_bucket.demo_bucket" file="/S3.tf"/>
		<testcase name="[NONE][CKV_AWS_54] Ensure S3 bucket has block public policy enabled" classname="/S3.tf.aws_s3_bucket_public_access_block.demo_bucket_access" file="/S3.tf"/>
		<testcase name="[NONE][CKV_AWS_56] Ensure S3 bucket has 'restrict_public_buckets' enabled" classname="/S3.tf.aws_s3_bucket_public_access_block.demo_bucket_access" file="/S3.tf"/>
		<testcase name="[NONE][CKV_AWS_53] Ensure S3 bucket has block public ACLS enabled" classname="/S3.tf.aws_s3_bucket_public_access_block.demo_bucket_access" file="/S3.tf"/>
		<testcase name="[NONE][CKV_AWS_55] Ensure S3 bucket has ignore public ACLs enabled" classname="/S3.tf.aws_s3_bucket_public_access_block.demo_bucket_access" file="/S3.tf"/>
		<testcase name="[NONE][CKV_AWS_70] Ensure S3 bucket does not allow an action with any Principal" classname="/S3.tf.aws_s3_bucket_policy.public_read" file="/S3.tf"/>
		<testcase name="[NONE][CKV_AWS_93] Ensure S3 bucket policy does not lockout all but root user. (Prevent lockouts needing root account fixes)" classname="/S3.tf.aws_s3_bucket_policy.public_read" file="/S3.tf"/>
		<testcase name="[NONE][CKV_AWS_41] Ensure no hard coded AWS access key and secret key exists in provider" classname="/acm.tf.aws.us_east_1" file="/acm.tf"/>
		<testcase name="[NONE][CKV_AWS_233] Ensure Create before destroy for ACM certificates" classname="/acm.tf.aws_acm_certificate.cloudfront_cert[0]" file="/acm.tf"/>
		<testcase name="[NONE][CKV_AWS_234] Verify logging preference for ACM certificates" classname="/acm.tf.aws_acm_certificate.cloudfront_cert[0]" file="/acm.tf"/>
		<testcase name="[NONE][CKV_AWS_34] Ensure CloudFront distribution ViewerProtocolPolicy is set to HTTPS" classname="/cloudfront.tf.aws_cloudfront_distribution.frontend_distribution" file="/cloudfront.tf"/>
		<testcase name="[NONE][CKV_AWS_86] Ensure CloudFront distribution has Access Logging enabled" classname="/cloudfront.tf.aws_cloudfront_distribution.frontend_distribution" file="/cloudfront.tf"/>
		<testcase name="[NONE][CKV_AWS_174] Verify CloudFront Distribution Viewer Certificate is using TLS v1.2" classname="/cloudfront.tf.aws_cloudfront_distribution.frontend_distribution" file="/cloudfront.tf"/>
		<testcase name="[NONE][CKV_AWS_216] Ensure CloudFront distribution is enabled" classname="/cloudfront.tf.aws_cloudfront_distribution.frontend_distribution" file="/cloudfront.tf"/>
		<testcase name="[NONE][CKV_AWS_305] Ensure CloudFront distribution has a default root object configured" classname="/cloudfront.tf.aws_cloudfront_distribution.frontend_distribution" file="/cloudfront.tf"/>
		<testcase name="[NONE][CKV_AWS_68] CloudFront Distribution should have WAF enabled" classname="/cloudfront.tf.aws_cloudfront_distribution.frontend_distribution" file="/cloudfront.tf"/>
		<testcase name="[NONE][CKV_AWS_61] Ensure AWS IAM policy does not allow assume role permission across all services" classname="/lambda.tf.aws_iam_role.lambda_role" file="/lambda.tf"/>
		<testcase name="[NONE][CKV_AWS_274] Disallow IAM roles, users, and groups from using the AWS AdministratorAccess policy" classname="/lambda.tf.aws_iam_role.lambda_role" file="/lambda.tf"/>
		<testcase name="[NONE][CKV_AWS_60] Ensure IAM role allows only specific services or principals to assume it" classname="/lambda.tf.aws_iam_role.lambda_role" file="/lambda.tf"/>
		<testcase name="[NONE][CKV_AWS_62] Ensure IAM policies that allow full &quot;*-*&quot; administrative privileges are not created" classname="/lambda.tf.aws_iam_policy.lambda_logging" file="/lambda.tf"/>
		<testcase name="[NONE][CKV_AWS_286] Ensure IAM policies does not allow privilege escalation" classname="/lambda.tf.aws_iam_policy.lambda_logging" file="/lambda.tf"/>
		<testcase name="[NONE][CKV_AWS_63] Ensure no IAM policies documents allow &quot;*&quot; as a statement's actions" classname="/lambda.tf.aws_iam_policy.lambda_logging" file="/lambda.tf"/>
		<testcase name="[NONE][CKV_AWS_289] Ensure IAM policies does not allow permissions management / resource exposure without constraints" classname="/lambda.tf.aws_iam_policy.lambda_logging" file="/lambda.tf"/>
		<testcase name="[NONE][CKV_AWS_287] Ensure IAM policies does not allow credentials exposure" classname="/lambda.tf.aws_iam_policy.lambda_logging" file="/lambda.tf"/>
		<testcase name="[NONE][CKV_AWS_288] Ensure IAM policies does not allow data exfiltration" classname="/lambda.tf.aws_iam_policy.lambda_logging" file="/lambda.tf"/>
		<testcase name="[NONE][CKV_AWS_355] Ensure no IAM policies documents allow &quot;*&quot; as a statement's resource for restrictable actions" classname="/lambda.tf.aws_iam_policy.lambda_logging" file="/lambda.tf"/>
		<testcase name="[NONE][CKV_AWS_290] Ensure IAM policies does not allow write access without constraints" classname="/lambda.tf.aws_iam_policy.lambda_logging" file="/lambda.tf"/>
		<testcase name="[NONE][CKV_AWS_274] Disallow IAM roles, users, and groups from using the AWS AdministratorAccess policy" classname="/lambda.tf.aws_iam_role_policy_attachment.lambda_logs" file="/lambda.tf"/>
		<testcase name="[NONE][CKV_AWS_66] Ensure that CloudWatch Log Group specifies retention days" classname="/lambda.tf.aws_cloudwatch_log_group.lambda_log_group" file="/lambda.tf"/>
		<testcase name="[NONE][CKV_AWS_363] Ensure Lambda Runtime is not deprecated" classname="/lambda.tf.aws_lambda_function.my_lambda" file="/lambda.tf"/>
		<testcase name="[NONE][CKV_AWS_45] Ensure no hard-coded secrets exist in lambda environment" classname="/lambda.tf.aws_lambda_function.my_lambda" file="/lambda.tf"/>
		<testcase name="[NONE][CKV_AWS_319] Ensure that CloudWatch alarm actions are enabled" classname="/lambda.tf.aws_cloudwatch_metric_alarm.lambda_error_alarm" file="/lambda.tf"/>
		<testcase name="[NONE][CKV_AWS_319] Ensure that CloudWatch alarm actions are enabled" classname="/lambda.tf.aws_cloudwatch_metric_alarm.lambda_throttle_alarm" file="/lambda.tf"/>
		<testcase name="[NONE][CKV_AWS_41] Ensure no hard coded AWS access key and secret key exists in provider" classname="/main.tf.aws.default" file="/main.tf"/>
		<testcase name="[NONE][CKV_AWS_93] Ensure S3 bucket policy does not lockout all but root user. (Prevent lockouts needing root account fixes)" classname="/s3.tf.aws_s3_bucket.frontend_bucket" file="/s3.tf"/>
		<testcase name="[NONE][CKV_AWS_54] Ensure S3 bucket has block public policy enabled" classname="/s3.tf.aws_s3_bucket_public_access_block.frontend_bucket_access" file="/s3.tf"/>
		<testcase name="[NONE][CKV_AWS_56] Ensure S3 bucket has 'restrict_public_buckets' enabled" classname="/s3.tf.aws_s3_bucket_public_access_block.frontend_bucket_access" file="/s3.tf"/>
		<testcase name="[NONE][CKV_AWS_53] Ensure S3 bucket has block public ACLS enabled" classname="/s3.tf.aws_s3_bucket_public_access_block.frontend_bucket_access" file="/s3.tf"/>
		<testcase name="[NONE][CKV_AWS_55] Ensure S3 bucket has ignore public ACLs enabled" classname="/s3.tf.aws_s3_bucket_public_access_block.frontend_bucket_access" file="/s3.tf"/>
		<testcase name="[NONE][CKV_AWS_93] Ensure S3 bucket policy does not lockout all but root user. (Prevent lockouts needing root account fixes)" classname="/s3.tf.aws_s3_bucket_policy.frontend_bucket_policy" file="/s3.tf"/>
		<testcase name="[NONE][CKV_AWS_358] Ensure AWS GitHub Actions OIDC authorization policies only allow safe claims and claim order" classname="/s3.tf.aws_iam_policy_document.s3_policy" file="/s3.tf"/>
		<testcase name="[NONE][CKV_AWS_1] Ensure IAM policies that allow full &quot;*-*&quot; administrative privileges are not created" classname="/s3.tf.aws_iam_policy_document.s3_policy" file="/s3.tf"/>
		<testcase name="[NONE][CKV_AWS_110] Ensure IAM policies does not allow privilege escalation" classname="/s3.tf.aws_iam_policy_document.s3_policy" file="/s3.tf"/>
		<testcase name="[NONE][CKV_AWS_356] Ensure no IAM policies documents allow &quot;*&quot; as a statement's resource for restrictable actions" classname="/s3.tf.aws_iam_policy_document.s3_policy" file="/s3.tf"/>
		<testcase name="[NONE][CKV_AWS_109] Ensure IAM policies does not allow permissions management / resource exposure without constraints" classname="/s3.tf.aws_iam_policy_document.s3_policy" file="/s3.tf"/>
		<testcase name="[NONE][CKV_AWS_107] Ensure IAM policies does not allow credentials exposure" classname="/s3.tf.aws_iam_policy_document.s3_policy" file="/s3.tf"/>
		<testcase name="[NONE][CKV_AWS_49] Ensure no IAM policies documents allow &quot;*&quot; as a statement's actions" classname="/s3.tf.aws_iam_policy_document.s3_policy" file="/s3.tf"/>
		<testcase name="[NONE][CKV_AWS_108] Ensure IAM policies does not allow data exfiltration" classname="/s3.tf.aws_iam_policy_document.s3_policy" file="/s3.tf"/>
		<testcase name="[NONE][CKV_AWS_111] Ensure IAM policies does not allow write access without constraints" classname="/s3.tf.aws_iam_policy_document.s3_policy" file="/s3.tf"/>
		<testcase name="[NONE][CKV_AWS_283] Ensure no IAM policies documents allow ALL or any AWS principal permissions to the resource" classname="/s3.tf.aws_iam_policy_document.s3_policy" file="/s3.tf"/>
		<testcase name="[NONE][CKV_AWS_93] Ensure S3 bucket policy does not lockout all but root user. (Prevent lockouts needing root account fixes)" classname="/s3_logs.tf.aws_s3_bucket.cloudfront_logs" file="/s3_logs.tf"/>
		<testcase name="[NONE][CKV_AWS_54] Ensure S3 bucket has block public policy enabled" classname="/s3_logs.tf.aws_s3_bucket_public_access_block.logs_public_access_block" file="/s3_logs.tf"/>
		<testcase name="[NONE][CKV_AWS_56] Ensure S3 bucket has 'restrict_public_buckets' enabled" classname="/s3_logs.tf.aws_s3_bucket_public_access_block.logs_public_access_block" file="/s3_logs.tf"/>
		<testcase name="[NONE][CKV_AWS_53] Ensure S3 bucket has block public ACLS enabled" classname="/s3_logs.tf.aws_s3_bucket_public_access_block.logs_public_access_block" file="/s3_logs.tf"/>
		<testcase name="[NONE][CKV_AWS_55] Ensure S3 bucket has ignore public ACLs enabled" classname="/s3_logs.tf.aws_s3_bucket_public_access_block.logs_public_access_block" file="/s3_logs.tf"/>
		<testcase name="[NONE][CKV_AWS_70] Ensure S3 bucket does not allow an action with any Principal" classname="/s3_logs.tf.aws_s3_bucket_policy.logs_bucket_policy" file="/s3_logs.tf"/>
		<testcase name="[NONE][CKV_AWS_93] Ensure S3 bucket policy does not lockout all but root user. (Prevent lockouts needing root account fixes)" classname="/s3_logs.tf.aws_s3_bucket_policy.logs_bucket_policy" file="/s3_logs.tf"/>
		<testcase name="[NONE][CKV_AWS_300] Ensure S3 lifecycle configuration sets period for aborting failed uploads" classname="/s3_logs.tf.aws_s3_bucket_lifecycle_configuration.logs_lifecycle" file="/s3_logs.tf"/>
		<testcase name="[NONE][CKV_AWS_41] Ensure no hard coded AWS access key and secret key exists in provider" classname="/s3_security.tf.aws.replica" file="/s3_security.tf"/>
		<testcase name="[NONE][CKV_AWS_33] Ensure KMS key policy does not contain wildcard (*) principal" classname="/s3_security.tf.aws_kms_key.s3_encryption_key" file="/s3_security.tf"/>
		<testcase name="[NONE][CKV_AWS_227] Ensure KMS key is enabled" classname="/s3_security.tf.aws_kms_key.s3_encryption_key" file="/s3_security.tf"/>
		<testcase name="[NONE][CKV_AWS_7] Ensure rotation for customer created CMKs is enabled" classname="/s3_security.tf.aws_kms_key.s3_encryption_key" file="/s3_security.tf"/>
		<testcase name="[NONE][CKV_AWS_169] Ensure SNS topic policy is not public by only allowing specific services or principals to access it" classname="/s3_security.tf.aws_sns_topic_policy.s3_notification_policy" file="/s3_security.tf"/>
		<testcase name="[NONE][CKV_AWS_385] Ensure AWS SNS topic policies do not allow cross-account access" classname="/s3_security.tf.aws_sns_topic_policy.s3_notification_policy" file="/s3_security.tf"/>
		<testcase name="[NONE][CKV_AWS_93] Ensure S3 bucket policy does not lockout all but root user. (Prevent lockouts needing root account fixes)" classname="/s3_security.tf.aws_s3_bucket.s3_logs_bucket" file="/s3_security.tf"/>
		<testcase name="[NONE][CKV_AWS_54] Ensure S3 bucket has block public policy enabled" classname="/s3_security.tf.aws_s3_bucket_public_access_block.logs_bucket_access" file="/s3_security.tf"/>
		<testcase name="[NONE][CKV_AWS_56] Ensure S3 bucket has 'restrict_public_buckets' enabled" classname="/s3_security.tf.aws_s3_bucket_public_access_block.logs_bucket_access" file="/s3_security.tf"/>
		<testcase name="[NONE][CKV_AWS_53] Ensure S3 bucket has block public ACLS enabled" classname="/s3_security.tf.aws_s3_bucket_public_access_block.logs_bucket_access" file="/s3_security.tf"/>
		<testcase name="[NONE][CKV_AWS_55] Ensure S3 bucket has ignore public ACLs enabled" classname="/s3_security.tf.aws_s3_bucket_public_access_block.logs_bucket_access" file="/s3_security.tf"/>
		<testcase name="[NONE][CKV_AWS_300] Ensure S3 lifecycle configuration sets period for aborting failed uploads" classname="/s3_security.tf.aws_s3_bucket_lifecycle_configuration.logs_bucket_lifecycle_abort" file="/s3_security.tf"/>
		<testcase name="[NONE][CKV_AWS_54] Ensure S3 bucket has block public policy enabled" classname="/s3_security.tf.aws_s3_bucket_public_access_block.demo_bucket_access_secure" file="/s3_security.tf"/>
		<testcase name="[NONE][CKV_AWS_56] Ensure S3 bucket has 'restrict_public_buckets' enabled" classname="/s3_security.tf.aws_s3_bucket_public_access_block.demo_bucket_access_secure" file="/s3_security.tf"/>
		<testcase name="[NONE][CKV_AWS_53] Ensure S3 bucket has block public ACLS enabled" classname="/s3_security.tf.aws_s3_bucket_public_access_block.demo_bucket_access_secure" file="/s3_security.tf"/>
		<testcase name="[NONE][CKV_AWS_55] Ensure S3 bucket has ignore public ACLs enabled" classname="/s3_security.tf.aws_s3_bucket_public_access_block.demo_bucket_access_secure" file="/s3_security.tf"/>
		<testcase name="[NONE][CKV_AWS_93] Ensure S3 bucket policy does not lockout all but root user. (Prevent lockouts needing root account fixes)" classname="/s3_security.tf.aws_s3_bucket.frontend_bucket_replica" file="/s3_security.tf"/>
		<testcase name="[NONE][CKV_AWS_54] Ensure S3 bucket has block public policy enabled" classname="/s3_security.tf.aws_s3_bucket_public_access_block.replica_bucket_access" file="/s3_security.tf"/>
		<testcase name="[NONE][CKV_AWS_56] Ensure S3 bucket has 'restrict_public_buckets' enabled" classname="/s3_security.tf.aws_s3_bucket_public_access_block.replica_bucket_access" file="/s3_security.tf"/>
		<testcase name="[NONE][CKV_AWS_53] Ensure S3 bucket has block public ACLS enabled" classname="/s3_security.tf.aws_s3_bucket_public_access_block.replica_bucket_access" file="/s3_security.tf"/>
		<testcase name="[NONE][CKV_AWS_55] Ensure S3 bucket has ignore public ACLs enabled" classname="/s3_security.tf.aws_s3_bucket_public_access_block.replica_bucket_access" file="/s3_security.tf"/>
		<testcase name="[NONE][CKV_AWS_300] Ensure S3 lifecycle configuration sets period for aborting failed uploads" classname="/s3_security.tf.aws_s3_bucket_lifecycle_configuration.replica_bucket_lifecycle" file="/s3_security.tf"/>
		<testcase name="[NONE][CKV_AWS_61] Ensure AWS IAM policy does not allow assume role permission across all services" classname="/s3_security.tf.aws_iam_role.replication_role" file="/s3_security.tf"/>
		<testcase name="[NONE][CKV_AWS_274] Disallow IAM roles, users, and groups from using the AWS AdministratorAccess policy" classname="/s3_security.tf.aws_iam_role.replication_role" file="/s3_security.tf"/>
		<testcase name="[NONE][CKV_AWS_60] Ensure IAM role allows only specific services or principals to assume it" classname="/s3_security.tf.aws_iam_role.replication_role" file="/s3_security.tf"/>
		<testcase name="[NONE][CKV_AWS_62] Ensure IAM policies that allow full &quot;*-*&quot; administrative privileges are not created" classname="/s3_security.tf.aws_iam_policy.replication_policy" file="/s3_security.tf"/>
		<testcase name="[NONE][CKV_AWS_63] Ensure no IAM policies documents allow &quot;*&quot; as a statement's actions" classname="/s3_security.tf.aws_iam_policy.replication_policy" file="/s3_security.tf"/>
		<testcase name="[NONE][CKV_AWS_274] Disallow IAM roles, users, and groups from using the AWS AdministratorAccess policy" classname="/s3_security.tf.aws_iam_role_policy_attachment.replication_attachment" file="/s3_security.tf"/>
		<testcase name="[NONE][CKV_AWS_192] Ensure WAF prevents message lookup in Log4j2. See CVE-2021-44228 aka log4jshell" classname="/waf.tf.aws_wafv2_web_acl.cloudfront_waf" file="/waf.tf"/>
		<testcase name="[NONE][CKV_AWS_175] Ensure WAF has associated rules" classname="/waf.tf.aws_wafv2_web_acl.cloudfront_waf" file="/waf.tf"/>
		<testcase name="[NONE][CKV_AWS_342] Ensure WAF rule has any actions" classname="/waf.tf.aws_wafv2_web_acl.cloudfront_waf" file="/waf.tf"/>
		<testcase name="[NONE][CKV2_AWS_62] Ensure S3 buckets should have event notifications enabled" classname="/s3_logs.tf.aws_s3_bucket.cloudfront_logs" file="/s3_logs.tf"/>
		<testcase name="[NONE][CKV2_AWS_62] Ensure S3 buckets should have event notifications enabled" classname="/s3_security.tf.aws_s3_bucket.s3_logs_bucket" file="/s3_security.tf"/>
		<testcase name="[NONE][CKV2_AWS_62] Ensure S3 buckets should have event notifications enabled" classname="/S3.tf.aws_s3_bucket.demo_bucket" file="/S3.tf"/>
		<testcase name="[NONE][CKV2_AWS_62] Ensure S3 buckets should have event notifications enabled" classname="/s3.tf.aws_s3_bucket.frontend_bucket" file="/s3.tf"/>
		<testcase name="[NONE][CKV2_AWS_75] Ensure no open CORS policy" classname="/lambda.tf.aws_lambda_function.my_lambda" file="/lambda.tf"/>
		<testcase name="[NONE][CKV2_AWS_46] Ensure AWS CloudFront Distribution with S3 have Origin Access set to enabled" classname="/cloudfront.tf.aws_cloudfront_distribution.frontend_distribution" file="/cloudfront.tf"/>
		<testcase name="[NONE][CKV2_AWS_71] Ensure AWS ACM Certificate domain name does not include wildcards" classname="/acm.tf.aws_acm_certificate.cloudfront_cert[0]" file="/acm.tf"/>
		<testcase name="[NONE][CKV2_AWS_56] Ensure AWS Managed IAMFullAccess IAM policy is not used." classname="/lambda.tf.aws_iam_role.lambda_role" file="/lambda.tf"/>
		<testcase name="[NONE][CKV2_AWS_56] Ensure AWS Managed IAMFullAccess IAM policy is not used." classname="/s3_security.tf.aws_iam_role.replication_role" file="/s3_security.tf"/>
		<testcase name="[NONE][CKV_AWS_20] S3 Bucket has an ACL defined which allows public READ access." classname="/S3.tf.aws_s3_bucket.demo_bucket" file="/S3.tf"/>
		<testcase name="[NONE][CKV_AWS_20] S3 Bucket has an ACL defined which allows public READ access." classname="/s3.tf.aws_s3_bucket.frontend_bucket" file="/s3.tf"/>
		<testcase name="[NONE][CKV_AWS_20] S3 Bucket has an ACL defined which allows public READ access." classname="/s3_logs.tf.aws_s3_bucket.cloudfront_logs" file="/s3_logs.tf"/>
		<testcase name="[NONE][CKV_AWS_20] S3 Bucket has an ACL defined which allows public READ access." classname="/s3_security.tf.aws_s3_bucket.s3_logs_bucket" file="/s3_security.tf"/>
		<testcase name="[NONE][CKV_AWS_20] S3 Bucket has an ACL defined which allows public READ access." classname="/s3_security.tf.aws_s3_bucket.frontend_bucket_replica" file="/s3_security.tf"/>
		<testcase name="[NONE][CKV2_AWS_40] Ensure AWS IAM policy does not allow full IAM privileges" classname="/lambda.tf.aws_iam_policy.lambda_logging" file="/lambda.tf"/>
		<testcase name="[NONE][CKV2_AWS_40] Ensure AWS IAM policy does not allow full IAM privileges" classname="/s3.tf.aws_iam_policy_document.s3_policy" file="/s3.tf"/>
		<testcase name="[NONE][CKV2_AWS_61] Ensure that an S3 bucket has a lifecycle configuration" classname="/s3_logs.tf.aws_s3_bucket.cloudfront_logs" file="/s3_logs.tf"/>
		<testcase name="[NONE][CKV2_AWS_61] Ensure that an S3 bucket has a lifecycle configuration" classname="/s3_security.tf.aws_s3_bucket.s3_logs_bucket" file="/s3_security.tf"/>
		<testcase name="[NONE][CKV2_AWS_61] Ensure that an S3 bucket has a lifecycle configuration" classname="/S3.tf.aws_s3_bucket.demo_bucket" file="/S3.tf"/>
		<testcase name="[NONE][CKV2_AWS_61] Ensure that an S3 bucket has a lifecycle configuration" classname="/s3.tf.aws_s3_bucket.frontend_bucket" file="/s3.tf"/>
		<testcase name="[NONE][CKV2_AWS_61] Ensure that an S3 bucket has a lifecycle configuration" classname="/s3_security.tf.aws_s3_bucket.frontend_bucket_replica" file="/s3_security.tf"/>
		<testcase name="[NONE][CKV2_AWS_54] Ensure AWS CloudFront distribution is using secure SSL protocols for HTTPS communication" classname="/cloudfront.tf.aws_cloudfront_distribution.frontend_distribution" file="/cloudfront.tf"/>
		<testcase name="[NONE][CKV_AWS_57] S3 Bucket has an ACL defined which allows public WRITE access." classname="/S3.tf.aws_s3_bucket.demo_bucket" file="/S3.tf"/>
		<testcase name="[NONE][CKV_AWS_57] S3 Bucket has an ACL defined which allows public WRITE access." classname="/s3.tf.aws_s3_bucket.frontend_bucket" file="/s3.tf"/>
		<testcase name="[NONE][CKV_AWS_57] S3 Bucket has an ACL defined which allows public WRITE access." classname="/s3_logs.tf.aws_s3_bucket.cloudfront_logs" file="/s3_logs.tf"/>
		<testcase name="[NONE][CKV_AWS_57] S3 Bucket has an ACL defined which allows public WRITE access." classname="/s3_security.tf.aws_s3_bucket.s3_logs_bucket" file="/s3_security.tf"/>
		<testcase name="[NONE][CKV_AWS_57] S3 Bucket has an ACL defined which allows public WRITE access." classname="/s3_security.tf.aws_s3_bucket.frontend_bucket_replica" file="/s3_security.tf"/>
		<testcase name="[NONE][CKV2_AWS_72] Ensure AWS CloudFront origin protocol policy enforces HTTPS-only" classname="/cloudfront.tf.aws_cloudfront_distribution.frontend_distribution" file="/cloudfront.tf"/>
		<testcase name="[NONE][CKV2_AWS_42] Ensure AWS CloudFront distribution uses custom SSL certificate" classname="/cloudfront.tf.aws_cloudfront_distribution.frontend_distribution" file="/cloudfront.tf"/>
		<testcase name="[NONE][CKV_AWS_144] Ensure that S3 bucket has cross-region replication enabled" classname="/s3.tf.aws_s3_bucket.frontend_bucket" file="/s3.tf"/>
		<testcase name="[NONE][CKV_AWS_144] Ensure that S3 bucket has cross-region replication enabled" classname="/s3_security.tf.aws_s3_bucket.frontend_bucket_replica" file="/s3_security.tf"/>
		<testcase name="[NONE][CKV_AWS_18] Ensure the S3 bucket has access logging enabled" classname="/s3_logs.tf.aws_s3_bucket.cloudfront_logs" file="/s3_logs.tf"/>
		<testcase name="[NONE][CKV_AWS_18] Ensure the S3 bucket has access logging enabled" classname="/s3_security.tf.aws_s3_bucket.s3_logs_bucket" file="/s3_security.tf"/>
		<testcase name="[NONE][CKV_AWS_18] Ensure the S3 bucket has access logging enabled" classname="/S3.tf.aws_s3_bucket.demo_bucket" file="/S3.tf"/>
		<testcase name="[NONE][CKV_AWS_18] Ensure the S3 bucket has access logging enabled" classname="/s3.tf.aws_s3_bucket.frontend_bucket" file="/s3.tf"/>
		<testcase name="[NONE][CKV_AWS_21] Ensure all data stored in the S3 bucket have versioning enabled" classname="/s3_logs.tf.aws_s3_bucket.cloudfront_logs" file="/s3_logs.tf"/>
		<testcase name="[NONE][CKV_AWS_21] Ensure all data stored in the S3 bucket have versioning enabled" classname="/s3_security.tf.aws_s3_bucket.s3_logs_bucket" file="/s3_security.tf"/>
		<testcase name="[NONE][CKV_AWS_21] Ensure all data stored in the S3 bucket have versioning enabled" classname="/S3.tf.aws_s3_bucket.demo_bucket" file="/S3.tf"/>
		<testcase name="[NONE][CKV_AWS_21] Ensure all data stored in the S3 bucket have versioning enabled" classname="/s3.tf.aws_s3_bucket.frontend_bucket" file="/s3.tf"/>
		<testcase name="[NONE][CKV_AWS_21] Ensure all data stored in the S3 bucket have versioning enabled" classname="/s3_security.tf.aws_s3_bucket.frontend_bucket_replica" file="/s3_security.tf"/>
		<testcase name="[NONE][CKV2_AWS_6] Ensure that S3 bucket has a Public Access block" classname="/S3.tf.aws_s3_bucket.demo_bucket" file="/S3.tf"/>
		<testcase name="[NONE][CKV2_AWS_6] Ensure that S3 bucket has a Public Access block" classname="/s3.tf.aws_s3_bucket.frontend_bucket" file="/s3.tf"/>
		<testcase name="[NONE][CKV2_AWS_6] Ensure that S3 bucket has a Public Access block" classname="/s3_logs.tf.aws_s3_bucket.cloudfront_logs" file="/s3_logs.tf"/>
		<testcase name="[NONE][CKV2_AWS_6] Ensure that S3 bucket has a Public Access block" classname="/s3_security.tf.aws_s3_bucket.s3_logs_bucket" file="/s3_security.tf"/>
		<testcase name="[NONE][CKV2_AWS_6] Ensure that S3 bucket has a Public Access block" classname="/s3_security.tf.aws_s3_bucket.frontend_bucket_replica" file="/s3_security.tf"/>
		<testcase name="[NONE][CKV_AWS_19] Ensure all data stored in the S3 bucket is securely encrypted at rest" classname="/s3_logs.tf.aws_s3_bucket.cloudfront_logs" file="/s3_logs.tf"/>
		<testcase name="[NONE][CKV_AWS_19] Ensure all data stored in the S3 bucket is securely encrypted at rest" classname="/s3_security.tf.aws_s3_bucket.s3_logs_bucket" file="/s3_security.tf"/>
		<testcase name="[NONE][CKV_AWS_19] Ensure all data stored in the S3 bucket is securely encrypted at rest" classname="/S3.tf.aws_s3_bucket.demo_bucket" file="/S3.tf"/>
		<testcase name="[NONE][CKV_AWS_19] Ensure all data stored in the S3 bucket is securely encrypted at rest" classname="/s3.tf.aws_s3_bucket.frontend_bucket" file="/s3.tf"/>
		<testcase name="[NONE][CKV_AWS_19] Ensure all data stored in the S3 bucket is securely encrypted at rest" classname="/s3_security.tf.aws_s3_bucket.frontend_bucket_replica" file="/s3_security.tf"/>
		<testcase name="[NONE][CKV_AWS_145] Ensure that S3 buckets are encrypted with KMS by default" classname="/s3_logs.tf.aws_s3_bucket.cloudfront_logs" file="/s3_logs.tf"/>
		<testcase name="[NONE][CKV_AWS_145] Ensure that S3 buckets are encrypted with KMS by default" classname="/s3_security.tf.aws_s3_bucket.s3_logs_bucket" file="/s3_security.tf"/>
		<testcase name="[NONE][CKV_AWS_145] Ensure that S3 buckets are encrypted with KMS by default" classname="/S3.tf.aws_s3_bucket.demo_bucket" file="/S3.tf"/>
		<testcase name="[NONE][CKV_AWS_145] Ensure that S3 buckets are encrypted with KMS by default" classname="/s3.tf.aws_s3_bucket.frontend_bucket" file="/s3.tf"/>
		<testcase name="[NONE][CKV_AWS_145] Ensure that S3 buckets are encrypted with KMS by default" classname="/s3_security.tf.aws_s3_bucket.frontend_bucket_replica" file="/s3_security.tf"/>
		<testcase name="[NONE][CKV_AWS_374] Ensure AWS CloudFront web distribution has geo restriction enabled" classname="/cloudfront.tf.aws_cloudfront_distribution.frontend_distribution" file="/cloudfront.tf">
			<failure type="failure" message="Ensure AWS CloudFront web distribution has geo restriction enabled">
Resource: aws_cloudfront_distribution.frontend_distribution
File: /cloudfront.tf: 5-102
Guideline: https://docs.prismacloud.io/en/enterprise-edition/policy-reference/aws-policies/aws-networking-policies/bc-aws-374

		Code lines for this resource are too many. Please use IDE of your choice to review the file.</failure>
		</testcase>
		<testcase name="[NONE][CKV_AWS_310] Ensure CloudFront distributions should have origin failover configured" classname="/cloudfront.tf.aws_cloudfront_distribution.frontend_distribution" file="/cloudfront.tf">
			<failure type="failure" message="Ensure CloudFront distributions should have origin failover configured">
Resource: aws_cloudfront_distribution.frontend_distribution
File: /cloudfront.tf: 5-102
Guideline: https://docs.prismacloud.io/en/enterprise-edition/policy-reference/aws-policies/aws-general-policies/bc-aws-310

		Code lines for this resource are too many. Please use IDE of your choice to review the file.</failure>
		</testcase>
		<testcase name="[NONE][CKV_AWS_158] Ensure that CloudWatch Log Group is encrypted by KMS" classname="/lambda.tf.aws_cloudwatch_log_group.lambda_log_group" file="/lambda.tf">
			<failure type="failure" message="Ensure that CloudWatch Log Group is encrypted by KMS">
Resource: aws_cloudwatch_log_group.lambda_log_group
File: /lambda.tf: 47-52
Guideline: https://docs.prismacloud.io/en/enterprise-edition/policy-reference/aws-policies/aws-general-policies/ensure-that-cloudwatch-log-group-is-encrypted-by-kms

		47 | resource &quot;aws_cloudwatch_log_group&quot; &quot;lambda_log_group&quot; {
		48 |   name              = &quot;/aws/lambda/${aws_lambda_function.my_lambda.function_name}&quot;
		49 |   retention_in_days = 14
		50 |   # Depends on the Lambda function to ensure proper naming
		51 |   depends_on = [aws_lambda_function.my_lambda]
		52 | }
</failure>
		</testcase>
		<testcase name="[NONE][CKV_AWS_338] Ensure CloudWatch log groups retains logs for at least 1 year" classname="/lambda.tf.aws_cloudwatch_log_group.lambda_log_group" file="/lambda.tf">
			<failure type="failure" message="Ensure CloudWatch log groups retains logs for at least 1 year">
Resource: aws_cloudwatch_log_group.lambda_log_group
File: /lambda.tf: 47-52
Guideline: https://docs.prismacloud.io/en/enterprise-edition/policy-reference/aws-policies/aws-logging-policies/bc-aws-338

		47 | resource &quot;aws_cloudwatch_log_group&quot; &quot;lambda_log_group&quot; {
		48 |   name              = &quot;/aws/lambda/${aws_lambda_function.my_lambda.function_name}&quot;
		49 |   retention_in_days = 14
		50 |   # Depends on the Lambda function to ensure proper naming
		51 |   depends_on = [aws_lambda_function.my_lambda]
		52 | }
</failure>
		</testcase>
		<testcase name="[NONE][CKV_AWS_50] X-Ray tracing is enabled for Lambda" classname="/lambda.tf.aws_lambda_function.my_lambda" file="/lambda.tf">
			<failure type="failure" message="X-Ray tracing is enabled for Lambda">
Resource: aws_lambda_function.my_lambda
File: /lambda.tf: 55-76
Guideline: https://docs.prismacloud.io/en/enterprise-edition/policy-reference/aws-policies/aws-serverless-policies/bc-aws-serverless-4

		55 | resource &quot;aws_lambda_function&quot; &quot;my_lambda&quot; {
		56 |   function_name = &quot;my-lambda-function&quot;
		57 |   # Replace with your code package location
		58 |   filename         = &quot;lambda_function.zip&quot; # Create this file or use S3 bucket
		59 |   source_code_hash = filebase64sha256(&quot;lambda_function.zip&quot;)
		60 |   
		61 |   # Replace with your handler and runtime as needed
		62 |   handler = &quot;index.handler&quot;
		63 |   runtime = &quot;nodejs18.x&quot;
		64 |   
		65 |   role = aws_iam_role.lambda_role.arn
		66 |   
		67 |   environment {
		68 |     variables = {
		69 |       ENVIRONMENT = &quot;production&quot;
		70 |     }
		71 |   }
		72 |   
		73 |   # Configure timeout and memory
		74 |   timeout     = 30
		75 |   memory_size = 128
		76 | }
</failure>
		</testcase>
		<testcase name="[NONE][CKV_AWS_115] Ensure that AWS Lambda function is configured for function-level concurrent execution limit" classname="/lambda.tf.aws_lambda_function.my_lambda" file="/lambda.tf">
			<failure type="failure" message="Ensure that AWS Lambda function is configured for function-level concurrent execution limit">
Resource: aws_lambda_function.my_lambda
File: /lambda.tf: 55-76
Guideline: https://docs.prismacloud.io/en/enterprise-edition/policy-reference/aws-policies/aws-general-policies/ensure-that-aws-lambda-function-is-configured-for-function-level-concurrent-execution-limit

		55 | resource &quot;aws_lambda_function&quot; &quot;my_lambda&quot; {
		56 |   function_name = &quot;my-lambda-function&quot;
		57 |   # Replace with your code package location
		58 |   filename         = &quot;lambda_function.zip&quot; # Create this file or use S3 bucket
		59 |   source_code_hash = filebase64sha256(&quot;lambda_function.zip&quot;)
		60 |   
		61 |   # Replace with your handler and runtime as needed
		62 |   handler = &quot;index.handler&quot;
		63 |   runtime = &quot;nodejs18.x&quot;
		64 |   
		65 |   role = aws_iam_role.lambda_role.arn
		66 |   
		67 |   environment {
		68 |     variables = {
		69 |       ENVIRONMENT = &quot;production&quot;
		70 |     }
		71 |   }
		72 |   
		73 |   # Configure timeout and memory
		74 |   timeout     = 30
		75 |   memory_size = 128
		76 | }
</failure>
		</testcase>
		<testcase name="[NONE][CKV_AWS_117] Ensure that AWS Lambda function is configured inside a VPC" classname="/lambda.tf.aws_lambda_function.my_lambda" file="/lambda.tf">
			<failure type="failure" message="Ensure that AWS Lambda function is configured inside a VPC">
Resource: aws_lambda_function.my_lambda
File: /lambda.tf: 55-76
Guideline: https://docs.prismacloud.io/en/enterprise-edition/policy-reference/aws-policies/aws-general-policies/ensure-that-aws-lambda-function-is-configured-inside-a-vpc-1

		55 | resource &quot;aws_lambda_function&quot; &quot;my_lambda&quot; {
		56 |   function_name = &quot;my-lambda-function&quot;
		57 |   # Replace with your code package location
		58 |   filename         = &quot;lambda_function.zip&quot; # Create this file or use S3 bucket
		59 |   source_code_hash = filebase64sha256(&quot;lambda_function.zip&quot;)
		60 |   
		61 |   # Replace with your handler and runtime as needed
		62 |   handler = &quot;index.handler&quot;
		63 |   runtime = &quot;nodejs18.x&quot;
		64 |   
		65 |   role = aws_iam_role.lambda_role.arn
		66 |   
		67 |   environment {
		68 |     variables = {
		69 |       ENVIRONMENT = &quot;production&quot;
		70 |     }
		71 |   }
		72 |   
		73 |   # Configure timeout and memory
		74 |   timeout     = 30
		75 |   memory_size = 128
		76 | }
</failure>
		</testcase>
		<testcase name="[NONE][CKV_AWS_173] Check encryption settings for Lambda environmental variable" classname="/lambda.tf.aws_lambda_function.my_lambda" file="/lambda.tf">
			<failure type="failure" message="Check encryption settings for Lambda environmental variable">
Resource: aws_lambda_function.my_lambda
File: /lambda.tf: 55-76
Guideline: https://docs.prismacloud.io/en/enterprise-edition/policy-reference/aws-policies/aws-serverless-policies/bc-aws-serverless-5

		55 | resource &quot;aws_lambda_function&quot; &quot;my_lambda&quot; {
		56 |   function_name = &quot;my-lambda-function&quot;
		57 |   # Replace with your code package location
		58 |   filename         = &quot;lambda_function.zip&quot; # Create this file or use S3 bucket
		59 |   source_code_hash = filebase64sha256(&quot;lambda_function.zip&quot;)
		60 |   
		61 |   # Replace with your handler and runtime as needed
		62 |   handler = &quot;index.handler&quot;
		63 |   runtime = &quot;nodejs18.x&quot;
		64 |   
		65 |   role = aws_iam_role.lambda_role.arn
		66 |   
		67 |   environment {
		68 |     variables = {
		69 |       ENVIRONMENT = &quot;production&quot;
		70 |     }
		71 |   }
		72 |   
		73 |   # Configure timeout and memory
		74 |   timeout     = 30
		75 |   memory_size = 128
		76 | }
</failure>
		</testcase>
		<testcase name="[NONE][CKV_AWS_272] Ensure AWS Lambda function is configured to validate code-signing" classname="/lambda.tf.aws_lambda_function.my_lambda" file="/lambda.tf">
			<failure type="failure" message="Ensure AWS Lambda function is configured to validate code-signing">
Resource: aws_lambda_function.my_lambda
File: /lambda.tf: 55-76
Guideline: https://docs.prismacloud.io/en/enterprise-edition/policy-reference/aws-policies/aws-general-policies/bc-aws-272

		55 | resource &quot;aws_lambda_function&quot; &quot;my_lambda&quot; {
		56 |   function_name = &quot;my-lambda-function&quot;
		57 |   # Replace with your code package location
		58 |   filename         = &quot;lambda_function.zip&quot; # Create this file or use S3 bucket
		59 |   source_code_hash = filebase64sha256(&quot;lambda_function.zip&quot;)
		60 |   
		61 |   # Replace with your handler and runtime as needed
		62 |   handler = &quot;index.handler&quot;
		63 |   runtime = &quot;nodejs18.x&quot;
		64 |   
		65 |   role = aws_iam_role.lambda_role.arn
		66 |   
		67 |   environment {
		68 |     variables = {
		69 |       ENVIRONMENT = &quot;production&quot;
		70 |     }
		71 |   }
		72 |   
		73 |   # Configure timeout and memory
		74 |   timeout     = 30
		75 |   memory_size = 128
		76 | }
</failure>
		</testcase>
		<testcase name="[NONE][CKV_AWS_116] Ensure that AWS Lambda function is configured for a Dead Letter Queue(DLQ)" classname="/lambda.tf.aws_lambda_function.my_lambda" file="/lambda.tf">
			<failure type="failure" message="Ensure that AWS Lambda function is configured for a Dead Letter Queue(DLQ)">
Resource: aws_lambda_function.my_lambda
File: /lambda.tf: 55-76
Guideline: https://docs.prismacloud.io/en/enterprise-edition/policy-reference/aws-policies/aws-general-policies/ensure-that-aws-lambda-function-is-configured-for-a-dead-letter-queue-dlq

		55 | resource &quot;aws_lambda_function&quot; &quot;my_lambda&quot; {
		56 |   function_name = &quot;my-lambda-function&quot;
		57 |   # Replace with your code package location
		58 |   filename         = &quot;lambda_function.zip&quot; # Create this file or use S3 bucket
		59 |   source_code_hash = filebase64sha256(&quot;lambda_function.zip&quot;)
		60 |   
		61 |   # Replace with your handler and runtime as needed
		62 |   handler = &quot;index.handler&quot;
		63 |   runtime = &quot;nodejs18.x&quot;
		64 |   
		65 |   role = aws_iam_role.lambda_role.arn
		66 |   
		67 |   environment {
		68 |     variables = {
		69 |       ENVIRONMENT = &quot;production&quot;
		70 |     }
		71 |   }
		72 |   
		73 |   # Configure timeout and memory
		74 |   timeout     = 30
		75 |   memory_size = 128
		76 | }
</failure>
		</testcase>
		<testcase name="[NONE][CKV_AWS_26] Ensure all data stored in the SNS topic is encrypted" classname="/s3_security.tf.aws_sns_topic.s3_event_notification" file="/s3_security.tf">
			<failure type="failure" message="Ensure all data stored in the SNS topic is encrypted">
Resource: aws_sns_topic.s3_event_notification
File: /s3_security.tf: 13-15
Guideline: https://docs.prismacloud.io/en/enterprise-edition/policy-reference/aws-policies/aws-general-policies/general-15

		13 | resource &quot;aws_sns_topic&quot; &quot;s3_event_notification&quot; {
		14 |   name = &quot;s3-event-notification-topic&quot;
		15 | }
</failure>
		</testcase>
		<testcase name="[NONE][CKV_AWS_300] Ensure S3 lifecycle configuration sets period for aborting failed uploads" classname="/s3_security.tf.aws_s3_bucket_lifecycle_configuration.logs_bucket_lifecycle" file="/s3_security.tf">
			<failure type="failure" message="Ensure S3 lifecycle configuration sets period for aborting failed uploads">
Resource: aws_s3_bucket_lifecycle_configuration.logs_bucket_lifecycle
File: /s3_security.tf: 107-131
Guideline: https://docs.prismacloud.io/en/enterprise-edition/policy-reference/aws-policies/aws-general-policies/bc-aws-300

		107 | resource &quot;aws_s3_bucket_lifecycle_configuration&quot; &quot;logs_bucket_lifecycle&quot; {
		108 |   bucket = aws_s3_bucket.s3_logs_bucket.id
		109 | 
		110 |   rule {
		111 |     id = &quot;log-retention&quot;
		112 |     status = &quot;Enabled&quot;
		113 |     filter {
		114 |       prefix = &quot;&quot;
		115 |     }
		116 | 
		117 |     transition {
		118 |       days          = 30
		119 |       storage_class = &quot;STANDARD_IA&quot;
		120 |     }
		121 | 
		122 |     transition {
		123 |       days          = 90
		124 |       storage_class = &quot;GLACIER&quot;
		125 |     }
		126 | 
		127 |     expiration {
		128 |       days = 365 # 1 year retention
		129 |     }
		130 |   }
		131 | }
</failure>
		</testcase>
		<testcase name="[NONE][CKV_AWS_300] Ensure S3 lifecycle configuration sets period for aborting failed uploads" classname="/s3_security.tf.aws_s3_bucket_lifecycle_configuration.demo_bucket_lifecycle" file="/s3_security.tf">
			<failure type="failure" message="Ensure S3 lifecycle configuration sets period for aborting failed uploads">
Resource: aws_s3_bucket_lifecycle_configuration.demo_bucket_lifecycle
File: /s3_security.tf: 208-258
Guideline: https://docs.prismacloud.io/en/enterprise-edition/policy-reference/aws-policies/aws-general-policies/bc-aws-300

		Code lines for this resource are too many. Please use IDE of your choice to review the file.</failure>
		</testcase>
		<testcase name="[NONE][CKV_AWS_300] Ensure S3 lifecycle configuration sets period for aborting failed uploads" classname="/s3_security.tf.aws_s3_bucket_lifecycle_configuration.frontend_bucket_lifecycle" file="/s3_security.tf">
			<failure type="failure" message="Ensure S3 lifecycle configuration sets period for aborting failed uploads">
Resource: aws_s3_bucket_lifecycle_configuration.frontend_bucket_lifecycle
File: /s3_security.tf: 305-337
Guideline: https://docs.prismacloud.io/en/enterprise-edition/policy-reference/aws-policies/aws-general-policies/bc-aws-300

		305 | resource &quot;aws_s3_bucket_lifecycle_configuration&quot; &quot;frontend_bucket_lifecycle&quot; {
		306 |   bucket = aws_s3_bucket.frontend_bucket.id
		307 | 
		308 |   rule {
		309 |     id     = &quot;transition-to-infrequent-access&quot;
		310 |     status = &quot;Enabled&quot;
		311 |     filter {
		312 |       prefix = &quot;&quot;
		313 |     }
		314 | 
		315 |     transition {
		316 |       days          = 30
		317 |       storage_class = &quot;STANDARD_IA&quot;
		318 |     }
		319 | 
		320 |     noncurrent_version_transition {
		321 |       noncurrent_days = 30
		322 |       storage_class   = &quot;STANDARD_IA&quot;
		323 |     }
		324 |   }
		325 | 
		326 |   rule {
		327 |     id     = &quot;expire-old-versions&quot;
		328 |     status = &quot;Enabled&quot;
		329 |     filter {
		330 |       prefix = &quot;&quot;
		331 |     }
		332 | 
		333 |     noncurrent_version_expiration {
		334 |       noncurrent_days = 90
		335 |     }
		336 |   }
		337 | }
</failure>
		</testcase>
		<testcase name="[NONE][CKV2_AWS_62] Ensure S3 buckets should have event notifications enabled" classname="/s3_security.tf.aws_s3_bucket.frontend_bucket_replica" file="/s3_security.tf">
			<failure type="failure" message="Ensure S3 buckets should have event notifications enabled">
Resource: aws_s3_bucket.frontend_bucket_replica
File: /s3_security.tf: 371-379
Guideline: https://docs.prismacloud.io/en/enterprise-edition/policy-reference/aws-policies/aws-logging-policies/bc-aws-2-62

		371 | resource &quot;aws_s3_bucket&quot; &quot;frontend_bucket_replica&quot; {
		372 |   provider = aws.replica
		373 |   bucket   = &quot;leocorp-frontend-replica-${terraform.workspace}&quot;
		374 | 
		375 |   tags = {
		376 |     Name        = &quot;Frontend Bucket Replica&quot;
		377 |     Environment = terraform.workspace
		378 |   }
		379 | }
</failure>
		</testcase>
		<testcase name="[NONE][CKV2_AWS_65] Ensure access control lists for S3 buckets are disabled" classname="/s3.tf.aws_s3_bucket_ownership_controls.frontend_bucket_ownership" file="/s3.tf">
			<failure type="failure" message="Ensure access control lists for S3 buckets are disabled">
Resource: aws_s3_bucket_ownership_controls.frontend_bucket_ownership
File: /s3.tf: 12-17
Guideline: https://docs.prismacloud.io/en/enterprise-edition/policy-reference/aws-policies/aws-general-policies/bc-aws-general-112

		12 | resource &quot;aws_s3_bucket_ownership_controls&quot; &quot;frontend_bucket_ownership&quot; {
		13 |   bucket = aws_s3_bucket.frontend_bucket.id
		14 |   rule {
		15 |     object_ownership = &quot;BucketOwnerPreferred&quot;
		16 |   }
		17 | }
</failure>
		</testcase>
		<testcase name="[NONE][CKV2_AWS_31] Ensure WAF2 has a Logging Configuration" classname="/waf.tf.aws_wafv2_web_acl.cloudfront_waf" file="/waf.tf">
			<failure type="failure" message="Ensure WAF2 has a Logging Configuration">
Resource: aws_wafv2_web_acl.cloudfront_waf
File: /waf.tf: 2-114
Guideline: https://docs.prismacloud.io/en/enterprise-edition/policy-reference/aws-policies/aws-logging-policies/bc-aws-logging-33

		Code lines for this resource are too many. Please use IDE of your choice to review the file.</failure>
		</testcase>
		<testcase name="[NONE][CKV2_AWS_64] Ensure KMS key Policy is defined" classname="/s3_security.tf.aws_kms_key.s3_encryption_key" file="/s3_security.tf">
			<failure type="failure" message="Ensure KMS key Policy is defined">
Resource: aws_kms_key.s3_encryption_key
File: /s3_security.tf: 2-10
Guideline: https://docs.prismacloud.io/en/enterprise-edition/policy-reference/aws-policies/aws-iam-policies/bc-aws-2-64

		2  | resource &quot;aws_kms_key&quot; &quot;s3_encryption_key&quot; {
		3  |   description             = &quot;KMS key for S3 bucket encryption&quot;
		4  |   deletion_window_in_days = 10
		5  |   enable_key_rotation     = true
		6  | 
		7  |   tags = {
		8  |     Name = &quot;s3-encryption-key&quot;
		9  |   }
		10 | }
</failure>
		</testcase>
		<testcase name="[NONE][CKV2_AWS_47] Ensure AWS CloudFront attached WAFv2 WebACL is configured with AMR for Log4j Vulnerability" classname="/cloudfront.tf.aws_cloudfront_distribution.frontend_distribution" file="/cloudfront.tf">
			<failure type="failure" message="Ensure AWS CloudFront attached WAFv2 WebACL is configured with AMR for Log4j Vulnerability">
Resource: aws_cloudfront_distribution.frontend_distribution
File: /cloudfront.tf: 5-102
Guideline: https://docs.prismacloud.io/en/enterprise-edition/policy-reference/aws-policies/aws-general-policies/bc-aws-general-47

		Code lines for this resource are too many. Please use IDE of your choice to review the file.</failure>
		</testcase>
		<testcase name="[NONE][CKV2_AWS_32] Ensure CloudFront distribution has a response headers policy attached" classname="/cloudfront.tf.aws_cloudfront_distribution.frontend_distribution" file="/cloudfront.tf">
			<failure type="failure" message="Ensure CloudFront distribution has a response headers policy attached">
Resource: aws_cloudfront_distribution.frontend_distribution
File: /cloudfront.tf: 5-102
Guideline: https://docs.prismacloud.io/en/enterprise-edition/policy-reference/aws-policies/aws-networking-policies/bc-aws-networking-65

		Code lines for this resource are too many. Please use IDE of your choice to review the file.</failure>
		</testcase>
		<testcase name="[NONE][CKV_AWS_144] Ensure that S3 bucket has cross-region replication enabled" classname="/S3.tf.aws_s3_bucket.demo_bucket" file="/S3.tf">
			<failure type="failure" message="Ensure that S3 bucket has cross-region replication enabled">
Resource: aws_s3_bucket.demo_bucket
File: /S3.tf: 1-7
Guideline: https://docs.prismacloud.io/en/enterprise-edition/policy-reference/aws-policies/aws-general-policies/ensure-that-s3-bucket-has-cross-region-replication-enabled

		1 | resource &quot;aws_s3_bucket&quot; &quot;demo_bucket&quot; {
		2 |   bucket = &quot;demo-bucket-leonardo&quot;
		3 | 
		4 |   tags = {
		5 |     Name        = &quot;Demo Bucket Leonardo&quot;
		6 |   }
		7 | }
</failure>
		</testcase>
		<testcase name="[NONE][CKV_AWS_144] Ensure that S3 bucket has cross-region replication enabled" classname="/s3_logs.tf.aws_s3_bucket.cloudfront_logs" file="/s3_logs.tf">
			<failure type="failure" message="Ensure that S3 bucket has cross-region replication enabled">
Resource: aws_s3_bucket.cloudfront_logs
File: /s3_logs.tf: 2-9
Guideline: https://docs.prismacloud.io/en/enterprise-edition/policy-reference/aws-policies/aws-general-policies/ensure-that-s3-bucket-has-cross-region-replication-enabled

		2 | resource &quot;aws_s3_bucket&quot; &quot;cloudfront_logs&quot; {
		3 |   bucket = &quot;cloudfront-access-logs-${data.aws_caller_identity.current.account_id}&quot;
		4 | 
		5 |   tags = {
		6 |     Name        = &quot;CloudFront-Access-Logs&quot;
		7 |     Environment = &quot;production&quot;
		8 |   }
		9 | }
</failure>
		</testcase>
		<testcase name="[NONE][CKV_AWS_144] Ensure that S3 bucket has cross-region replication enabled" classname="/s3_security.tf.aws_s3_bucket.s3_logs_bucket" file="/s3_security.tf">
			<failure type="failure" message="Ensure that S3 bucket has cross-region replication enabled">
Resource: aws_s3_bucket.s3_logs_bucket
File: /s3_security.tf: 58-65
Guideline: https://docs.prismacloud.io/en/enterprise-edition/policy-reference/aws-policies/aws-general-policies/ensure-that-s3-bucket-has-cross-region-replication-enabled

		58 | resource &quot;aws_s3_bucket&quot; &quot;s3_logs_bucket&quot; {
		59 |   bucket = &quot;s3-access-logs-${terraform.workspace}&quot;
		60 | 
		61 |   tags = {
		62 |     Name        = &quot;S3 Access Logs Bucket&quot;
		63 |     Environment = terraform.workspace
		64 |   }
		65 | }
</failure>
		</testcase>
		<testcase name="[NONE][CKV_AWS_18] Ensure the S3 bucket has access logging enabled" classname="/s3_security.tf.aws_s3_bucket.frontend_bucket_replica" file="/s3_security.tf">
			<failure type="failure" message="Ensure the S3 bucket has access logging enabled">
Resource: aws_s3_bucket.frontend_bucket_replica
File: /s3_security.tf: 371-379
Guideline: https://docs.prismacloud.io/en/enterprise-edition/policy-reference/aws-policies/s3-policies/s3-13-enable-logging

		371 | resource &quot;aws_s3_bucket&quot; &quot;frontend_bucket_replica&quot; {
		372 |   provider = aws.replica
		373 |   bucket   = &quot;leocorp-frontend-replica-${terraform.workspace}&quot;
		374 | 
		375 |   tags = {
		376 |     Name        = &quot;Frontend Bucket Replica&quot;
		377 |     Environment = terraform.workspace
		378 |   }
		379 | }
</failure>
		</testcase>
	</testsuite>
	<testsuite disabled="0" errors="0" failures="25" name="secrets scan" skipped="0" tests="25" time="0">
		<properties>
			<property name="directory" value="['/app']"/>
			<property name="add_check" value="False"/>
			<property name="list" value="False"/>
			<property name="output" value="['junitxml']"/>
			<property name="output_file_path" value="results.xml"/>
			<property name="output_bc_ids" value="False"/>
			<property name="include_all_checkov_policies" value="True"/>
			<property name="quiet" value="False"/>
			<property name="compact" value="False"/>
			<property name="framework" value="['all']"/>
			<property name="skip_framework" value="[]"/>
			<property name="run_all_external_checks" value="False"/>
			<property name="soft_fail" value="False"/>
			<property name="skip_results_upload" value="False"/>
			<property name="repo_id" value="cli_repo/app"/>
			<property name="branch" value="master"/>
			<property name="skip_download" value="False"/>
			<property name="use_enforcement_rules" value="False"/>
			<property name="external_modules_download_path" value=".external_modules"/>
			<property name="evaluate_variables" value="True"/>
			<property name="no_cert_verify" value="False"/>
			<property name="create_baseline" value="False"/>
			<property name="output_baseline_as_skipped" value="False"/>
			<property name="secrets_scan_file_type" value="[]"/>
			<property name="enable_secret_scan_all_files" value="False"/>
			<property name="block_list_secret_scan" value="[]"/>
			<property name="summary_position" value="top"/>
			<property name="skip_resources_without_violations" value="False"/>
			<property name="deep_analysis" value="False"/>
			<property name="no_fail_on_crash" value="False"/>
			<property name="mask" value="defaultdict(&lt;class 'set'&gt;, {})"/>
			<property name="scan_secrets_history" value="False"/>
			<property name="secrets_history_timeout" value="12h"/>
			<property name="custom_tool_name" value="Checkov"/>
		</properties>
		<testcase name="[NONE][CKV_SECRET_6] Base64 High Entropy String" classname="/aws/dist/awscli/botocore/data/ce/2017-10-25/paginators-1.json.570ed4e53010386aaba8376da5c02b124340ad98" file="/aws/dist/awscli/botocore/data/ce/2017-10-25/paginators-1.json">
			<failure type="failure" message="Base64 High Entropy String">
Resource: 570ed4e53010386aaba8376da5c02b124340ad98
File: /aws/dist/awscli/botocore/data/ce/2017-10-25/paginators-1.json: 4-5
Guideline: https://docs.prismacloud.io/en/enterprise-edition/policy-reference/secrets-policies/secrets-policy-index/git-secrets-6

		4 |       &quot;input_token&quot;: &quot;Nex**********&quot;,
</failure>
		</testcase>
		<testcase name="[NONE][CKV_SECRET_6] Base64 High Entropy String" classname="/aws/dist/awscli/botocore/data/cognito-idp/2016-04-18/paginators-1.json.e2f4cb8439832c0e9f7632d531f52d1cedf9da50" file="/aws/dist/awscli/botocore/data/cognito-idp/2016-04-18/paginators-1.json">
			<failure type="failure" message="Base64 High Entropy String">
Resource: e2f4cb8439832c0e9f7632d531f52d1cedf9da50
File: /aws/dist/awscli/botocore/data/cognito-idp/2016-04-18/paginators-1.json: 52-53
Guideline: https://docs.prismacloud.io/en/enterprise-edition/policy-reference/secrets-policies/secrets-policy-index/git-secrets-6

		52 |       &quot;input_token&quot;: &quot;Pag**********&quot;,
</failure>
		</testcase>
		<testcase name="[NONE][CKV_SECRET_6] Base64 High Entropy String" classname="/aws/dist/awscli/botocore/data/dynamodb/2012-08-10/paginators-1.json.4f6477a6790cc677ffb05ea472d4849a908e63fb" file="/aws/dist/awscli/botocore/data/dynamodb/2012-08-10/paginators-1.json">
			<failure type="failure" message="Base64 High Entropy String">
Resource: 4f6477a6790cc677ffb05ea472d4849a908e63fb
File: /aws/dist/awscli/botocore/data/dynamodb/2012-08-10/paginators-1.json: 4-5
Guideline: https://docs.prismacloud.io/en/enterprise-edition/policy-reference/secrets-policies/secrets-policy-index/git-secrets-6

		4 |       &quot;input_token&quot;: &quot;Exclu**********&quot;,
</failure>
		</testcase>
		<testcase name="[NONE][CKV_SECRET_6] Base64 High Entropy String" classname="/aws/dist/awscli/botocore/data/dynamodb/2012-08-10/paginators-1.json.7aff98267edcb2d19354db71ffdfc20abb66ab1e" file="/aws/dist/awscli/botocore/data/dynamodb/2012-08-10/paginators-1.json">
			<failure type="failure" message="Base64 High Entropy String">
Resource: 7aff98267edcb2d19354db71ffdfc20abb66ab1e
File: /aws/dist/awscli/botocore/data/dynamodb/2012-08-10/paginators-1.json: 5-6
Guideline: https://docs.prismacloud.io/en/enterprise-edition/policy-reference/secrets-policies/secrets-policy-index/git-secrets-6

		5 |       &quot;output_token&quot;: &quot;LastE**********&quot;,
</failure>
		</testcase>
		<testcase name="[NONE][CKV_SECRET_6] Base64 High Entropy String" classname="/aws/dist/awscli/botocore/data/dynamodb/2012-08-10/paginators-1.json.2c76d91022ddd25a3ac0e1f2bd0394e8c9558e33" file="/aws/dist/awscli/botocore/data/dynamodb/2012-08-10/paginators-1.json">
			<failure type="failure" message="Base64 High Entropy String">
Resource: 2c76d91022ddd25a3ac0e1f2bd0394e8c9558e33
File: /aws/dist/awscli/botocore/data/dynamodb/2012-08-10/paginators-1.json: 10-11
Guideline: https://docs.prismacloud.io/en/enterprise-edition/policy-reference/secrets-policies/secrets-policy-index/git-secrets-6

		10 |       &quot;input_token&quot;: &quot;Exclu**********&quot;,
</failure>
		</testcase>
		<testcase name="[NONE][CKV_SECRET_6] Base64 High Entropy String" classname="/aws/dist/awscli/botocore/data/dynamodb/2012-08-10/paginators-1.json.7f009354023b6f6953711d53786e2f8ba90616d9" file="/aws/dist/awscli/botocore/data/dynamodb/2012-08-10/paginators-1.json">
			<failure type="failure" message="Base64 High Entropy String">
Resource: 7f009354023b6f6953711d53786e2f8ba90616d9
File: /aws/dist/awscli/botocore/data/dynamodb/2012-08-10/paginators-1.json: 11-12
Guideline: https://docs.prismacloud.io/en/enterprise-edition/policy-reference/secrets-policies/secrets-policy-index/git-secrets-6

		11 |       &quot;output_token&quot;: &quot;LastE**********&quot;,
</failure>
		</testcase>
		<testcase name="[NONE][CKV_SECRET_6] Base64 High Entropy String" classname="/aws/dist/awscli/botocore/data/dynamodb/2012-08-10/paginators-1.json.eed535cb2430d6b27824cc374d3ee87df8338720" file="/aws/dist/awscli/botocore/data/dynamodb/2012-08-10/paginators-1.json">
			<failure type="failure" message="Base64 High Entropy String">
Resource: eed535cb2430d6b27824cc374d3ee87df8338720
File: /aws/dist/awscli/botocore/data/dynamodb/2012-08-10/paginators-1.json: 16-17
Guideline: https://docs.prismacloud.io/en/enterprise-edition/policy-reference/secrets-policies/secrets-policy-index/git-secrets-6

		16 |       &quot;input_token&quot;: &quot;Excl**********&quot;,
</failure>
		</testcase>
		<testcase name="[NONE][CKV_SECRET_6] Base64 High Entropy String" classname="/aws/dist/awscli/botocore/data/dynamodb/2012-08-10/paginators-1.json.16f858cb0265ddbdd8861b60fee4db71b5d1e357" file="/aws/dist/awscli/botocore/data/dynamodb/2012-08-10/paginators-1.json">
			<failure type="failure" message="Base64 High Entropy String">
Resource: 16f858cb0265ddbdd8861b60fee4db71b5d1e357
File: /aws/dist/awscli/botocore/data/dynamodb/2012-08-10/paginators-1.json: 17-18
Guideline: https://docs.prismacloud.io/en/enterprise-edition/policy-reference/secrets-policies/secrets-policy-index/git-secrets-6

		17 |       &quot;output_token&quot;: &quot;Last**********&quot;,
</failure>
		</testcase>
		<testcase name="[NONE][CKV_SECRET_6] Base64 High Entropy String" classname="/aws/dist/awscli/botocore/data/elastictranscoder/2012-09-25/paginators-1.json.570ed4e53010386aaba8376da5c02b124340ad98" file="/aws/dist/awscli/botocore/data/elastictranscoder/2012-09-25/paginators-1.json">
			<failure type="failure" message="Base64 High Entropy String">
Resource: 570ed4e53010386aaba8376da5c02b124340ad98
File: /aws/dist/awscli/botocore/data/elastictranscoder/2012-09-25/paginators-1.json: 5-6
Guideline: https://docs.prismacloud.io/en/enterprise-edition/policy-reference/secrets-policies/secrets-policy-index/git-secrets-6

		5 |       &quot;output_token&quot;: &quot;Nex**********&quot;,
</failure>
		</testcase>
		<testcase name="[NONE][CKV_SECRET_6] Base64 High Entropy String" classname="/aws/dist/awscli/botocore/data/kinesis/2013-12-02/paginators-1.json.6fa729565704885c2d7666aa327dbc1d3edf5c36" file="/aws/dist/awscli/botocore/data/kinesis/2013-12-02/paginators-1.json">
			<failure type="failure" message="Base64 High Entropy String">
Resource: 6fa729565704885c2d7666aa327dbc1d3edf5c36
File: /aws/dist/awscli/botocore/data/kinesis/2013-12-02/paginators-1.json: 4-5
Guideline: https://docs.prismacloud.io/en/enterprise-edition/policy-reference/secrets-policies/secrets-policy-index/git-secrets-6

		4 |       &quot;input_token&quot;: &quot;Exclu**********&quot;,
</failure>
		</testcase>
		<testcase name="[NONE][CKV_SECRET_6] Base64 High Entropy String" classname="/aws/dist/awscli/botocore/data/lightsail/2016-11-28/paginators-1.json.50e23144fba0fc568bec0daf7ad4a9dedfaa7d31" file="/aws/dist/awscli/botocore/data/lightsail/2016-11-28/paginators-1.json">
			<failure type="failure" message="Base64 High Entropy String">
Resource: 50e23144fba0fc568bec0daf7ad4a9dedfaa7d31
File: /aws/dist/awscli/botocore/data/lightsail/2016-11-28/paginators-1.json: 5-6
Guideline: https://docs.prismacloud.io/en/enterprise-edition/policy-reference/secrets-policies/secrets-policy-index/git-secrets-6

		5 |       &quot;output_token&quot;: &quot;nex**********&quot;,
</failure>
		</testcase>
		<testcase name="[NONE][CKV_SECRET_6] Base64 High Entropy String" classname="/aws/dist/awscli/botocore/data/omics/2022-11-28/paginators-1.json.65796785487dd3216ccfa9eeb4b8bf200b23f675" file="/aws/dist/awscli/botocore/data/omics/2022-11-28/paginators-1.json">
			<failure type="failure" message="Base64 High Entropy String">
Resource: 65796785487dd3216ccfa9eeb4b8bf200b23f675
File: /aws/dist/awscli/botocore/data/omics/2022-11-28/paginators-1.json: 58-59
Guideline: https://docs.prismacloud.io/en/enterprise-edition/policy-reference/secrets-policies/secrets-policy-index/git-secrets-6

		58 |       &quot;input_token&quot;: &quot;sta**********&quot;,
</failure>
		</testcase>
		<testcase name="[NONE][CKV_SECRET_6] Base64 High Entropy String" classname="/aws/dist/awscli/botocore/data/privatenetworks/2021-12-03/paginators-1.json.58ea8beb9c657e502fb470c566939ef354825d74" file="/aws/dist/awscli/botocore/data/privatenetworks/2021-12-03/paginators-1.json">
			<failure type="failure" message="Base64 High Entropy String">
Resource: 58ea8beb9c657e502fb470c566939ef354825d74
File: /aws/dist/awscli/botocore/data/privatenetworks/2021-12-03/paginators-1.json: 4-5
Guideline: https://docs.prismacloud.io/en/enterprise-edition/policy-reference/secrets-policies/secrets-policy-index/git-secrets-6

		4 |       &quot;input_token&quot;: &quot;st**********&quot;,
</failure>
		</testcase>
		<testcase name="[NONE][CKV_SECRET_2] AWS Access Key" classname="/aws/dist/awscli/botocore/data/rds/2014-10-31/service-2.json.25910f981e85ca04baf359199dd0bd4a3ae738b6" file="/aws/dist/awscli/botocore/data/rds/2014-10-31/service-2.json">
			<failure type="failure" message="AWS Access Key">
Resource: 25910f981e85ca04baf359199dd0bd4a3ae738b6
File: /aws/dist/awscli/botocore/data/rds/2014-10-31/service-2.json: 16348-16349
Guideline: https://docs.prismacloud.io/en/enterprise-edition/policy-reference/secrets-policies/secrets-policy-index/git-secrets-2

		16348 |           &quot;documentation&quot;:&quot;&lt;p&gt;The Amazon Web Services KMS key identifier for encryption of the replicated automated backups. The KMS key ID is the Amazon Resource Name (ARN) for the KMS encryption key in the destination Amazon Web Services Region, for example, &lt;code&gt;arn:aws:kms:us-east-1:123456789012:key/AKIAI**********&lt;/code&gt;.&lt;/p&gt;&quot;
</failure>
		</testcase>
		<testcase name="[NONE][CKV_SECRET_6] Base64 High Entropy String" classname="/aws/dist/awscli/botocore/data/resourcegroupstaggingapi/2017-01-26/paginators-1.json.e2f4cb8439832c0e9f7632d531f52d1cedf9da50" file="/aws/dist/awscli/botocore/data/resourcegroupstaggingapi/2017-01-26/paginators-1.json">
			<failure type="failure" message="Base64 High Entropy String">
Resource: e2f4cb8439832c0e9f7632d531f52d1cedf9da50
File: /aws/dist/awscli/botocore/data/resourcegroupstaggingapi/2017-01-26/paginators-1.json: 4-5
Guideline: https://docs.prismacloud.io/en/enterprise-edition/policy-reference/secrets-policies/secrets-policy-index/git-secrets-6

		4 |       &quot;input_token&quot;: &quot;Pag**********&quot;,
</failure>
		</testcase>
		<testcase name="[NONE][CKV_SECRET_6] Base64 High Entropy String" classname="/aws/dist/awscli/botocore/data/route53domains/2014-05-15/paginators-1.json.94c5dff7b51f3a6a1c41703ea1fd316eebb164fa" file="/aws/dist/awscli/botocore/data/route53domains/2014-05-15/paginators-1.json">
			<failure type="failure" message="Base64 High Entropy String">
Resource: 94c5dff7b51f3a6a1c41703ea1fd316eebb164fa
File: /aws/dist/awscli/botocore/data/route53domains/2014-05-15/paginators-1.json: 7-8
Guideline: https://docs.prismacloud.io/en/enterprise-edition/policy-reference/secrets-policies/secrets-policy-index/git-secrets-6

		7 |       &quot;output_token&quot;: &quot;Nex**********&quot;,
</failure>
		</testcase>
		<testcase name="[NONE][CKV_SECRET_6] Base64 High Entropy String" classname="/aws/dist/awscli/botocore/data/s3/2006-03-01/paginators-1.json.90e745e1091d7cfc983baaa094fba2f570a773bc" file="/aws/dist/awscli/botocore/data/s3/2006-03-01/paginators-1.json">
			<failure type="failure" message="Base64 High Entropy String">
Resource: 90e745e1091d7cfc983baaa094fba2f570a773bc
File: /aws/dist/awscli/botocore/data/s3/2006-03-01/paginators-1.json: 49-50
Guideline: https://docs.prismacloud.io/en/enterprise-edition/policy-reference/secrets-policies/secrets-policy-index/git-secrets-6

		49 |       &quot;output_token&quot;: &quot;NextC**********&quot;,
</failure>
		</testcase>
		<testcase name="[NONE][CKV_SECRET_6] Base64 High Entropy String" classname="/aws/dist/awscli/botocore/data/s3/2006-03-01/paginators-1.json.5c070cc7f104a6107a5870a0d6947511aa7897b4" file="/aws/dist/awscli/botocore/data/s3/2006-03-01/paginators-1.json">
			<failure type="failure" message="Base64 High Entropy String">
Resource: 5c070cc7f104a6107a5870a0d6947511aa7897b4
File: /aws/dist/awscli/botocore/data/s3/2006-03-01/paginators-1.json: 50-51
Guideline: https://docs.prismacloud.io/en/enterprise-edition/policy-reference/secrets-policies/secrets-policy-index/git-secrets-6

		50 |       &quot;input_token&quot;: &quot;Cont**********&quot;,
</failure>
		</testcase>
		<testcase name="[NONE][CKV_SECRET_6] Base64 High Entropy String" classname="/aws/dist/awscli/botocore/data/s3/2006-03-01/paginators-1.json.228bffdd4ea4100056648354b6a403225cffcd11" file="/aws/dist/awscli/botocore/data/s3/2006-03-01/paginators-1.json">
			<failure type="failure" message="Base64 High Entropy String">
Resource: 228bffdd4ea4100056648354b6a403225cffcd11
File: /aws/dist/awscli/botocore/data/s3/2006-03-01/paginators-1.json: 59-60
Guideline: https://docs.prismacloud.io/en/enterprise-edition/policy-reference/secrets-policies/secrets-policy-index/git-secrets-6

		59 |       &quot;output_token&quot;: &quot;NextP**********&quot;,
</failure>
		</testcase>
		<testcase name="[NONE][CKV_SECRET_6] Base64 High Entropy String" classname="/aws/dist/awscli/botocore/data/s3/2006-03-01/paginators-1.json.52b6f4dadb67614c14b514eeb703a08324c44cf1" file="/aws/dist/awscli/botocore/data/s3/2006-03-01/paginators-1.json">
			<failure type="failure" message="Base64 High Entropy String">
Resource: 52b6f4dadb67614c14b514eeb703a08324c44cf1
File: /aws/dist/awscli/botocore/data/s3/2006-03-01/paginators-1.json: 60-61
Guideline: https://docs.prismacloud.io/en/enterprise-edition/policy-reference/secrets-policies/secrets-policy-index/git-secrets-6

		60 |       &quot;input_token&quot;: &quot;Part**********&quot;,
</failure>
		</testcase>
		<testcase name="[NONE][CKV_SECRET_6] Base64 High Entropy String" classname="/aws/dist/awscli/botocore/data/s3tables/2018-05-10/paginators-1.json.6dd7dd537db88852f153d628cbdf9c64f2a6c6d8" file="/aws/dist/awscli/botocore/data/s3tables/2018-05-10/paginators-1.json">
			<failure type="failure" message="Base64 High Entropy String">
Resource: 6dd7dd537db88852f153d628cbdf9c64f2a6c6d8
File: /aws/dist/awscli/botocore/data/s3tables/2018-05-10/paginators-1.json: 4-5
Guideline: https://docs.prismacloud.io/en/enterprise-edition/policy-reference/secrets-policies/secrets-policy-index/git-secrets-6

		4 |       &quot;input_token&quot;: &quot;cont**********&quot;,
</failure>
		</testcase>
		<testcase name="[NONE][CKV_SECRET_6] Base64 High Entropy String" classname="/aws/dist/awscli/botocore/data/servicecatalog/2015-12-10/paginators-1.json.570ed4e53010386aaba8376da5c02b124340ad98" file="/aws/dist/awscli/botocore/data/servicecatalog/2015-12-10/paginators-1.json">
			<failure type="failure" message="Base64 High Entropy String">
Resource: 570ed4e53010386aaba8376da5c02b124340ad98
File: /aws/dist/awscli/botocore/data/servicecatalog/2015-12-10/paginators-1.json: 5-6
Guideline: https://docs.prismacloud.io/en/enterprise-edition/policy-reference/secrets-policies/secrets-policy-index/git-secrets-6

		5 |       &quot;output_token&quot;: &quot;Nex**********&quot;,
</failure>
		</testcase>
		<testcase name="[NONE][CKV_SECRET_6] Base64 High Entropy String" classname="/aws/dist/awscli/botocore/data/ssm-quicksetup/2018-05-10/paginators-1.json.76f718845c1a6c9a2939f60e185ab455f3622df5" file="/aws/dist/awscli/botocore/data/ssm-quicksetup/2018-05-10/paginators-1.json">
			<failure type="failure" message="Base64 High Entropy String">
Resource: 76f718845c1a6c9a2939f60e185ab455f3622df5
File: /aws/dist/awscli/botocore/data/ssm-quicksetup/2018-05-10/paginators-1.json: 4-5
Guideline: https://docs.prismacloud.io/en/enterprise-edition/policy-reference/secrets-policies/secrets-policy-index/git-secrets-6

		4 |       &quot;input_token&quot;: &quot;Sta**********&quot;,
</failure>
		</testcase>
		<testcase name="[NONE][CKV_SECRET_2] AWS Access Key" classname="/aws/dist/awscli/botocore/data/sts/2011-06-15/service-2.json.25910f981e85ca04baf359199dd0bd4a3ae738b6" file="/aws/dist/awscli/botocore/data/sts/2011-06-15/service-2.json">
			<failure type="failure" message="AWS Access Key">
Resource: 25910f981e85ca04baf359199dd0bd4a3ae738b6
File: /aws/dist/awscli/botocore/data/sts/2011-06-15/service-2.json: 124-125
Guideline: https://docs.prismacloud.io/en/enterprise-edition/policy-reference/secrets-policies/secrets-policy-index/git-secrets-2

		124 |       &quot;documentation&quot;:&quot;&lt;p&gt;Returns the account identifier for the specified access key ID.&lt;/p&gt; &lt;p&gt;Access keys consist of two parts: an access key ID (for example, &lt;code&gt;AKIAI**********&lt;/code&gt;) and a secret access key (for example, &lt;code&gt;wJalrXUtnFEMI/K7MDENG/bPxRfiCYEXAMPLEKEY&lt;/code&gt;). For more information about access keys, see &lt;a href=\&quot;https://docs.aws.amazon.com/IAM/latest/UserGuide/id_credentials_access-keys.html\&quot;&gt;Managing Access Keys for IAM Users&lt;/a&gt; in the &lt;i&gt;IAM User Guide&lt;/i&gt;.&lt;/p&gt; &lt;p&gt;When you pass an access key ID to this operation, it returns the ID of the Amazon Web Services account to which the keys belong. Access key IDs beginning with &lt;code&gt;AKIA&lt;/code&gt; are long-term credentials for an IAM user or the Amazon Web Services account root user. Access key IDs beginning with &lt;code&gt;ASIA&lt;/code&gt; are temporary credentials that are created using STS operations. If the account in the response belongs to you, you can sign in as the root user and review your root user access keys. Then, you can pull a &lt;a href=\&quot;https://docs.aws.amazon.com/IAM/latest/UserGuide/id_credentials_getting-report.html\&quot;&gt;credentials report&lt;/a&gt; to learn which IAM user owns the keys. To learn who requested the temporary credentials for an &lt;code&gt;ASIA&lt;/code&gt; access key, view the STS events in your &lt;a href=\&quot;https://docs.aws.amazon.com/IAM/latest/UserGuide/cloudtrail-integration.html\&quot;&gt;CloudTrail logs&lt;/a&gt; in the &lt;i&gt;IAM User Guide&lt;/i&gt;.&lt;/p&gt; &lt;p&gt;This operation does not indicate the state of the access key. The key might be active, inactive, or deleted. Active keys might not have permissions to perform an operation. Providing a deleted access key might return an error that the key doesn't exist.&lt;/p&gt;&quot;
</failure>
		</testcase>
		<testcase name="[NONE][CKV_SECRET_6] Base64 High Entropy String" classname="/aws/dist/awscli/botocore/data/swf/2012-01-25/paginators-1.json.50e23144fba0fc568bec0daf7ad4a9dedfaa7d31" file="/aws/dist/awscli/botocore/data/swf/2012-01-25/paginators-1.json">
			<failure type="failure" message="Base64 High Entropy String">
Resource: 50e23144fba0fc568bec0daf7ad4a9dedfaa7d31
File: /aws/dist/awscli/botocore/data/swf/2012-01-25/paginators-1.json: 5-6
Guideline: https://docs.prismacloud.io/en/enterprise-edition/policy-reference/secrets-policies/secrets-policy-index/git-secrets-6

		5 |       &quot;input_token&quot;: &quot;nex**********&quot;,
</failure>
		</testcase>
	</testsuite>
</testsuites>
