<?xml version="1.0" ?>
<testsuites disabled="0" errors="0" failures="24" tests="267" time="0.0">
	<testsuite disabled="0" errors="0" failures="24" name="terraform scan" skipped="0" tests="267" time="0">
		<properties>
[...]
</properties>
		<testcase name="[NONE][CKV_AWS_93] Ensure S3 bucket policy does not lockout all but root user. (Prevent lockouts needing root account fixes)" classname="/S3.tf.aws_s3_bucket.demo_bucket" file="/S3.tf"/>
		<testcase name="[NONE][CKV_AWS_300] Ensure S3 lifecycle configuration sets period for aborting failed uploads" classname="/S3.tf.aws_s3_bucket_lifecycle_configuration.demo_bucket_lifecycle" file="/S3.tf"/>
		<testcase name="[NONE][CKV_AWS_54] Ensure S3 bucket has block public policy enabled" classname="/S3.tf.aws_s3_bucket_public_access_block.demo_bucket_access" file="/S3.tf"/>
		<testcase name="[NONE][CKV_AWS_56] Ensure S3 bucket has 'restrict_public_buckets' enabled" classname="/S3.tf.aws_s3_bucket_public_access_block.demo_bucket_access" file="/S3.tf"/>
		<testcase name="[NONE][CKV_AWS_53] Ensure S3 bucket has block public ACLS enabled" classname="/S3.tf.aws_s3_bucket_public_access_block.demo_bucket_access" file="/S3.tf"/>
		<testcase name="[NONE][CKV_AWS_55] Ensure S3 bucket has ignore public ACLs enabled" classname="/S3.tf.aws_s3_bucket_public_access_block.demo_bucket_access" file="/S3.tf"/>
		<testcase name="[NONE][CKV_AWS_70] Ensure S3 bucket does not allow an action with any Principal" classname="/S3.tf.aws_s3_bucket_policy.public_read" file="/S3.tf"/>
		<testcase name="[NONE][CKV_AWS_93] Ensure S3 bucket policy does not lockout all but root user. (Prevent lockouts needing root account fixes)" classname="/S3.tf.aws_s3_bucket_policy.public_read" file="/S3.tf"/>
		<testcase name="[NONE][CKV_AWS_41] Ensure no hard coded AWS access key and secret key exists in provider" classname="/acm.tf.aws.us_east_1" file="/acm.tf"/>
		<testcase name="[NONE][CKV_AWS_237] Ensure Create before destroy for API Gateway" classname="/api_gateway.tf.aws_api_gateway_rest_api.api" file="/api_gateway.tf"/>
		<testcase name="[NONE][CKV2_AWS_70] Ensure API gateway method has authorization or API key set" classname="/api_gateway.tf.aws_api_gateway_method.method" file="/api_gateway.tf"/>
		<testcase name="[NONE][CKV_AWS_59] Ensure there is no open access to back-end resources through API" classname="/api_gateway.tf.aws_api_gateway_method.method" file="/api_gateway.tf"/>
		<testcase name="[NONE][CKV_AWS_217] Ensure Create before destroy for API deployments" classname="/api_gateway.tf.aws_api_gateway_deployment.deployment" file="/api_gateway.tf"/>
		<testcase name="[NONE][CKV_AWS_73] Ensure API Gateway has X-Ray Tracing enabled" classname="/api_gateway.tf.aws_api_gateway_stage.stage" file="/api_gateway.tf"/>
		<testcase name="[NONE][CKV_AWS_120] Ensure API Gateway caching is enabled" classname="/api_gateway.tf.aws_api_gateway_stage.stage" file="/api_gateway.tf"/>
		<testcase name="[NONE][CKV_AWS_76] Ensure API Gateway has Access Logging enabled" classname="/api_gateway.tf.aws_api_gateway_stage.stage" file="/api_gateway.tf"/>
		<testcase name="[NONE][CKV_AWS_66] Ensure that CloudWatch Log Group specifies retention days" classname="/api_gateway.tf.aws_cloudwatch_log_group.api_gateway_access_logs" file="/api_gateway.tf"/>
		<testcase name="[NONE][CKV_AWS_158] Ensure that CloudWatch Log Group is encrypted by KMS" classname="/api_gateway.tf.aws_cloudwatch_log_group.api_gateway_access_logs" file="/api_gateway.tf"/>
		<testcase name="[NONE][CKV_AWS_338] Ensure CloudWatch log groups retains logs for at least 1 year" classname="/api_gateway.tf.aws_cloudwatch_log_group.api_gateway_access_logs" file="/api_gateway.tf"/>
		<testcase name="[NONE][CKV_AWS_364] Ensure that AWS Lambda function permissions delegated to AWS services are limited by SourceArn or SourceAccount" classname="/api_gateway.tf.aws_lambda_permission.api_gateway_lambda" file="/api_gateway.tf"/>
		<testcase name="[NONE][CKV_AWS_301] Ensure that AWS Lambda function is not publicly accessible" classname="/api_gateway.tf.aws_lambda_permission.api_gateway_lambda" file="/api_gateway.tf"/>
		<testcase name="[NONE][CKV_AWS_276] Ensure Data Trace is not enabled in API Gateway Method Settings" classname="/api_gateway.tf.aws_api_gateway_method_settings.all" file="/api_gateway.tf"/>
		<testcase name="[NONE][CKV_AWS_308] Ensure API Gateway method setting caching is set to encrypted" classname="/api_gateway.tf.aws_api_gateway_method_settings.all" file="/api_gateway.tf"/>
		<testcase name="[NONE][CKV_AWS_225] Ensure API Gateway method setting caching is enabled" classname="/api_gateway.tf.aws_api_gateway_method_settings.all" file="/api_gateway.tf"/>
		<testcase name="[NONE][CKV_AWS_319] Ensure that CloudWatch alarm actions are enabled" classname="/api_gateway.tf.aws_cloudwatch_metric_alarm.api_gateway_4xx_errors" file="/api_gateway.tf"/>
		<testcase name="[NONE][CKV_AWS_319] Ensure that CloudWatch alarm actions are enabled" classname="/api_gateway.tf.aws_cloudwatch_metric_alarm.api_gateway_5xx_errors" file="/api_gateway.tf"/>
		<testcase name="[NONE][CKV_AWS_374] Ensure AWS CloudFront web distribution has geo restriction enabled" classname="/cloudfront.tf.aws_cloudfront_distribution.frontend_distribution" file="/cloudfront.tf"/>
		<testcase name="[NONE][CKV_AWS_34] Ensure CloudFront distribution ViewerProtocolPolicy is set to HTTPS" classname="/cloudfront.tf.aws_cloudfront_distribution.frontend_distribution" file="/cloudfront.tf"/>
		<testcase name="[NONE][CKV_AWS_86] Ensure CloudFront distribution has Access Logging enabled" classname="/cloudfront.tf.aws_cloudfront_distribution.frontend_distribution" file="/cloudfront.tf"/>
		<testcase name="[NONE][CKV_AWS_216] Ensure CloudFront distribution is enabled" classname="/cloudfront.tf.aws_cloudfront_distribution.frontend_distribution" file="/cloudfront.tf"/>
		<testcase name="[NONE][CKV_AWS_305] Ensure CloudFront distribution has a default root object configured" classname="/cloudfront.tf.aws_cloudfront_distribution.frontend_distribution" file="/cloudfront.tf"/>
		<testcase name="[NONE][CKV_AWS_68] CloudFront Distribution should have WAF enabled" classname="/cloudfront.tf.aws_cloudfront_distribution.frontend_distribution" file="/cloudfront.tf"/>
		<testcase name="[NONE][CKV_AWS_93] Ensure S3 bucket policy does not lockout all but root user. (Prevent lockouts needing root account fixes)" classname="/frontend_s3.tf.aws_s3_bucket.frontend_bucket" file="/frontend_s3.tf"/>
		<testcase name="[NONE][CKV_AWS_54] Ensure S3 bucket has block public policy enabled" classname="/frontend_s3.tf.aws_s3_bucket_public_access_block.frontend_bucket_access" file="/frontend_s3.tf"/>
		<testcase name="[NONE][CKV_AWS_56] Ensure S3 bucket has 'restrict_public_buckets' enabled" classname="/frontend_s3.tf.aws_s3_bucket_public_access_block.frontend_bucket_access" file="/frontend_s3.tf"/>
		<testcase name="[NONE][CKV_AWS_53] Ensure S3 bucket has block public ACLS enabled" classname="/frontend_s3.tf.aws_s3_bucket_public_access_block.frontend_bucket_access" file="/frontend_s3.tf"/>
		<testcase name="[NONE][CKV_AWS_55] Ensure S3 bucket has ignore public ACLs enabled" classname="/frontend_s3.tf.aws_s3_bucket_public_access_block.frontend_bucket_access" file="/frontend_s3.tf"/>
		<testcase name="[NONE][CKV_AWS_93] Ensure S3 bucket policy does not lockout all but root user. (Prevent lockouts needing root account fixes)" classname="/frontend_s3.tf.aws_s3_bucket_policy.frontend_bucket_policy" file="/frontend_s3.tf"/>
		<testcase name="[NONE][CKV_AWS_358] Ensure AWS GitHub Actions OIDC authorization policies only allow safe claims and claim order" classname="/frontend_s3.tf.aws_iam_policy_document.s3_policy" file="/frontend_s3.tf"/>
		<testcase name="[NONE][CKV_AWS_1] Ensure IAM policies that allow full &quot;*-*&quot; administrative privileges are not created" classname="/frontend_s3.tf.aws_iam_policy_document.s3_policy" file="/frontend_s3.tf"/>
		<testcase name="[NONE][CKV_AWS_110] Ensure IAM policies does not allow privilege escalation" classname="/frontend_s3.tf.aws_iam_policy_document.s3_policy" file="/frontend_s3.tf"/>
		<testcase name="[NONE][CKV_AWS_356] Ensure no IAM policies documents allow &quot;*&quot; as a statement's resource for restrictable actions" classname="/frontend_s3.tf.aws_iam_policy_document.s3_policy" file="/frontend_s3.tf"/>
		<testcase name="[NONE][CKV_AWS_109] Ensure IAM policies does not allow permissions management / resource exposure without constraints" classname="/frontend_s3.tf.aws_iam_policy_document.s3_policy" file="/frontend_s3.tf"/>
		<testcase name="[NONE][CKV_AWS_107] Ensure IAM policies does not allow credentials exposure" classname="/frontend_s3.tf.aws_iam_policy_document.s3_policy" file="/frontend_s3.tf"/>
		<testcase name="[NONE][CKV_AWS_49] Ensure no IAM policies documents allow &quot;*&quot; as a statement's actions" classname="/frontend_s3.tf.aws_iam_policy_document.s3_policy" file="/frontend_s3.tf"/>
		<testcase name="[NONE][CKV_AWS_108] Ensure IAM policies does not allow data exfiltration" classname="/frontend_s3.tf.aws_iam_policy_document.s3_policy" file="/frontend_s3.tf"/>
		<testcase name="[NONE][CKV_AWS_111] Ensure IAM policies does not allow write access without constraints" classname="/frontend_s3.tf.aws_iam_policy_document.s3_policy" file="/frontend_s3.tf"/>
		<testcase name="[NONE][CKV_AWS_283] Ensure no IAM policies documents allow ALL or any AWS principal permissions to the resource" classname="/frontend_s3.tf.aws_iam_policy_document.s3_policy" file="/frontend_s3.tf"/>
		<testcase name="[NONE][CKV_AWS_33] Ensure KMS key policy does not contain wildcard (*) principal" classname="/kms.tf.aws_kms_key.logs_key" file="/kms.tf"/>
		<testcase name="[NONE][CKV_AWS_227] Ensure KMS key is enabled" classname="/kms.tf.aws_kms_key.logs_key" file="/kms.tf"/>
		<testcase name="[NONE][CKV_AWS_7] Ensure rotation for customer created CMKs is enabled" classname="/kms.tf.aws_kms_key.logs_key" file="/kms.tf"/>
		<testcase name="[NONE][CKV_AWS_33] Ensure KMS key policy does not contain wildcard (*) principal" classname="/kms.tf.aws_kms_key.lambda_key" file="/kms.tf"/>
		<testcase name="[NONE][CKV_AWS_227] Ensure KMS key is enabled" classname="/kms.tf.aws_kms_key.lambda_key" file="/kms.tf"/>
		<testcase name="[NONE][CKV_AWS_7] Ensure rotation for customer created CMKs is enabled" classname="/kms.tf.aws_kms_key.lambda_key" file="/kms.tf"/>
		<testcase name="[NONE][CKV_AWS_33] Ensure KMS key policy does not contain wildcard (*) principal" classname="/kms.tf.aws_kms_key.dynamodb_key" file="/kms.tf"/>
		<testcase name="[NONE][CKV_AWS_227] Ensure KMS key is enabled" classname="/kms.tf.aws_kms_key.dynamodb_key" file="/kms.tf"/>
		<testcase name="[NONE][CKV_AWS_7] Ensure rotation for customer created CMKs is enabled" classname="/kms.tf.aws_kms_key.dynamodb_key" file="/kms.tf"/>
		<testcase name="[NONE][CKV_AWS_61] Ensure AWS IAM policy does not allow assume role permission across all services" classname="/lambda.tf.aws_iam_role.lambda_role" file="/lambda.tf"/>
		<testcase name="[NONE][CKV_AWS_274] Disallow IAM roles, users, and groups from using the AWS AdministratorAccess policy" classname="/lambda.tf.aws_iam_role.lambda_role" file="/lambda.tf"/>
		<testcase name="[NONE][CKV_AWS_60] Ensure IAM role allows only specific services or principals to assume it" classname="/lambda.tf.aws_iam_role.lambda_role" file="/lambda.tf"/>
		<testcase name="[NONE][CKV_AWS_62] Ensure IAM policies that allow full &quot;*-*&quot; administrative privileges are not created" classname="/lambda.tf.aws_iam_policy.lambda_logging" file="/lambda.tf"/>
		<testcase name="[NONE][CKV_AWS_286] Ensure IAM policies does not allow privilege escalation" classname="/lambda.tf.aws_iam_policy.lambda_logging" file="/lambda.tf"/>
		<testcase name="[NONE][CKV_AWS_63] Ensure no IAM policies documents allow &quot;*&quot; as a statement's actions" classname="/lambda.tf.aws_iam_policy.lambda_logging" file="/lambda.tf"/>
		<testcase name="[NONE][CKV_AWS_289] Ensure IAM policies does not allow permissions management / resource exposure without constraints" classname="/lambda.tf.aws_iam_policy.lambda_logging" file="/lambda.tf"/>
		<testcase name="[NONE][CKV_AWS_287] Ensure IAM policies does not allow credentials exposure" classname="/lambda.tf.aws_iam_policy.lambda_logging" file="/lambda.tf"/>
		<testcase name="[NONE][CKV_AWS_288] Ensure IAM policies does not allow data exfiltration" classname="/lambda.tf.aws_iam_policy.lambda_logging" file="/lambda.tf"/>
		<testcase name="[NONE][CKV_AWS_355] Ensure no IAM policies documents allow &quot;*&quot; as a statement's resource for restrictable actions" classname="/lambda.tf.aws_iam_policy.lambda_logging" file="/lambda.tf"/>
		<testcase name="[NONE][CKV_AWS_290] Ensure IAM policies does not allow write access without constraints" classname="/lambda.tf.aws_iam_policy.lambda_logging" file="/lambda.tf"/>
		<testcase name="[NONE][CKV_AWS_274] Disallow IAM roles, users, and groups from using the AWS AdministratorAccess policy" classname="/lambda.tf.aws_iam_role_policy_attachment.lambda_logs" file="/lambda.tf"/>
		<testcase name="[NONE][CKV_AWS_62] Ensure IAM policies that allow full &quot;*-*&quot; administrative privileges are not created" classname="/lambda.tf.aws_iam_policy.lambda_storage_access" file="/lambda.tf"/>
		<testcase name="[NONE][CKV_AWS_63] Ensure no IAM policies documents allow &quot;*&quot; as a statement's actions" classname="/lambda.tf.aws_iam_policy.lambda_storage_access" file="/lambda.tf"/>
		<testcase name="[NONE][CKV_AWS_274] Disallow IAM roles, users, and groups from using the AWS AdministratorAccess policy" classname="/lambda.tf.aws_iam_role_policy_attachment.lambda_storage" file="/lambda.tf"/>
		<testcase name="[NONE][CKV_AWS_66] Ensure that CloudWatch Log Group specifies retention days" classname="/lambda.tf.aws_cloudwatch_log_group.lambda_log_group" file="/lambda.tf"/>
		<testcase name="[NONE][CKV_AWS_158] Ensure that CloudWatch Log Group is encrypted by KMS" classname="/lambda.tf.aws_cloudwatch_log_group.lambda_log_group" file="/lambda.tf"/>
		<testcase name="[NONE][CKV_AWS_338] Ensure CloudWatch log groups retains logs for at least 1 year" classname="/lambda.tf.aws_cloudwatch_log_group.lambda_log_group" file="/lambda.tf"/>
		<testcase name="[NONE][CKV_AWS_168] Ensure SQS queue policy is not public by only allowing specific services or principals to access it" classname="/lambda.tf.aws_sqs_queue.lambda_dlq" file="/lambda.tf"/>
		<testcase name="[NONE][CKV_AWS_50] X-Ray tracing is enabled for Lambda" classname="/lambda.tf.aws_lambda_function.my_lambda" file="/lambda.tf"/>
		<testcase name="[NONE][CKV_AWS_115] Ensure that AWS Lambda function is configured for function-level concurrent execution limit" classname="/lambda.tf.aws_lambda_function.my_lambda" file="/lambda.tf"/>
		<testcase name="[NONE][CKV_AWS_173] Check encryption settings for Lambda environmental variable" classname="/lambda.tf.aws_lambda_function.my_lambda" file="/lambda.tf"/>
		<testcase name="[NONE][CKV_AWS_363] Ensure Lambda Runtime is not deprecated" classname="/lambda.tf.aws_lambda_function.my_lambda" file="/lambda.tf"/>
		<testcase name="[NONE][CKV_AWS_116] Ensure that AWS Lambda function is configured for a Dead Letter Queue(DLQ)" classname="/lambda.tf.aws_lambda_function.my_lambda" file="/lambda.tf"/>
		<testcase name="[NONE][CKV_AWS_45] Ensure no hard-coded secrets exist in lambda environment" classname="/lambda.tf.aws_lambda_function.my_lambda" file="/lambda.tf"/>
		<testcase name="[NONE][CKV_AWS_319] Ensure that CloudWatch alarm actions are enabled" classname="/lambda.tf.aws_cloudwatch_metric_alarm.lambda_error_alarm" file="/lambda.tf"/>
		<testcase name="[NONE][CKV_AWS_319] Ensure that CloudWatch alarm actions are enabled" classname="/lambda.tf.aws_cloudwatch_metric_alarm.lambda_throttle_alarm" file="/lambda.tf"/>
		<testcase name="[NONE][CKV_AWS_41] Ensure no hard coded AWS access key and secret key exists in provider" classname="/main.tf.aws.default" file="/main.tf"/>
		<testcase name="[NONE][CKV_AWS_41] Ensure no hard coded AWS access key and secret key exists in provider" classname="/main.tf.aws.eu_west_1" file="/main.tf"/>
		<testcase name="[NONE][CKV_AWS_41] Ensure no hard coded AWS access key and secret key exists in provider" classname="/main.tf.aws.replica" file="/main.tf"/>
		<testcase name="[NONE][CKV_AWS_61] Ensure AWS IAM policy does not allow assume role permission across all services" classname="/policy.tf.aws_iam_role.api_gateway_cloudwatch_role" file="/policy.tf"/>
		<testcase name="[NONE][CKV_AWS_274] Disallow IAM roles, users, and groups from using the AWS AdministratorAccess policy" classname="/policy.tf.aws_iam_role.api_gateway_cloudwatch_role" file="/policy.tf"/>
		<testcase name="[NONE][CKV_AWS_60] Ensure IAM role allows only specific services or principals to assume it" classname="/policy.tf.aws_iam_role.api_gateway_cloudwatch_role" file="/policy.tf"/>
		<testcase name="[NONE][CKV_AWS_62] Ensure IAM policies that allow full &quot;*-*&quot; administrative privileges are not created" classname="/policy.tf.aws_iam_policy.api_gateway_cloudwatch_policy" file="/policy.tf"/>
		<testcase name="[NONE][CKV_AWS_286] Ensure IAM policies does not allow privilege escalation" classname="/policy.tf.aws_iam_policy.api_gateway_cloudwatch_policy" file="/policy.tf"/>
		<testcase name="[NONE][CKV_AWS_63] Ensure no IAM policies documents allow &quot;*&quot; as a statement's actions" classname="/policy.tf.aws_iam_policy.api_gateway_cloudwatch_policy" file="/policy.tf"/>
		<testcase name="[NONE][CKV_AWS_289] Ensure IAM policies does not allow permissions management / resource exposure without constraints" classname="/policy.tf.aws_iam_policy.api_gateway_cloudwatch_policy" file="/policy.tf"/>
		<testcase name="[NONE][CKV_AWS_287] Ensure IAM policies does not allow credentials exposure" classname="/policy.tf.aws_iam_policy.api_gateway_cloudwatch_policy" file="/policy.tf"/>
		<testcase name="[NONE][CKV_AWS_288] Ensure IAM policies does not allow data exfiltration" classname="/policy.tf.aws_iam_policy.api_gateway_cloudwatch_policy" file="/policy.tf"/>
		<testcase name="[NONE][CKV_AWS_355] Ensure no IAM policies documents allow &quot;*&quot; as a statement's resource for restrictable actions" classname="/policy.tf.aws_iam_policy.api_gateway_cloudwatch_policy" file="/policy.tf"/>
		<testcase name="[NONE][CKV_AWS_290] Ensure IAM policies does not allow write access without constraints" classname="/policy.tf.aws_iam_policy.api_gateway_cloudwatch_policy" file="/policy.tf"/>
		<testcase name="[NONE][CKV_AWS_274] Disallow IAM roles, users, and groups from using the AWS AdministratorAccess policy" classname="/policy.tf.aws_iam_role_policy_attachment.api_gateway_cloudwatch_attachment" file="/policy.tf"/>
		<testcase name="[NONE][CKV_AWS_62] Ensure IAM policies that allow full &quot;*-*&quot; administrative privileges are not created" classname="/policy.tf.aws_iam_policy.api_gateway_management_policy" file="/policy.tf"/>
		<testcase name="[NONE][CKV_AWS_63] Ensure no IAM policies documents allow &quot;*&quot; as a statement's actions" classname="/policy.tf.aws_iam_policy.api_gateway_management_policy" file="/policy.tf"/>
		<testcase name="[NONE][CKV_AWS_274] Disallow IAM roles, users, and groups from using the AWS AdministratorAccess policy" classname="/policy.tf.aws_iam_role_policy_attachment.api_gateway_policy_attachment" file="/policy.tf"/>
		<testcase name="[NONE][CKV_AWS_274] Disallow IAM roles, users, and groups from using the AWS AdministratorAccess policy" classname="/policy.tf.aws_iam_user_policy_attachment.leonardo_api_gateway_policy" file="/policy.tf"/>
		<testcase name="[NONE][CKV_AWS_358] Ensure AWS GitHub Actions OIDC authorization policies only allow safe claims and claim order" classname="/policy.tf.aws_iam_policy_document.api_gateway_policy_document" file="/policy.tf"/>
		<testcase name="[NONE][CKV_AWS_1] Ensure IAM policies that allow full &quot;*-*&quot; administrative privileges are not created" classname="/policy.tf.aws_iam_policy_document.api_gateway_policy_document" file="/policy.tf"/>
		<testcase name="[NONE][CKV_AWS_110] Ensure IAM policies does not allow privilege escalation" classname="/policy.tf.aws_iam_policy_document.api_gateway_policy_document" file="/policy.tf"/>
		<testcase name="[NONE][CKV_AWS_107] Ensure IAM policies does not allow credentials exposure" classname="/policy.tf.aws_iam_policy_document.api_gateway_policy_document" file="/policy.tf"/>
		<testcase name="[NONE][CKV_AWS_49] Ensure no IAM policies documents allow &quot;*&quot; as a statement's actions" classname="/policy.tf.aws_iam_policy_document.api_gateway_policy_document" file="/policy.tf"/>
		<testcase name="[NONE][CKV_AWS_108] Ensure IAM policies does not allow data exfiltration" classname="/policy.tf.aws_iam_policy_document.api_gateway_policy_document" file="/policy.tf"/>
		<testcase name="[NONE][CKV_AWS_283] Ensure no IAM policies documents allow ALL or any AWS principal permissions to the resource" classname="/policy.tf.aws_iam_policy_document.api_gateway_policy_document" file="/policy.tf"/>
		<testcase name="[NONE][CKV_AWS_379] Ensure AWS S3 bucket is configured with secure data transport policy" classname="/s3_logs.tf.aws_s3_bucket_acl.cloudfront_logs_bucket_acl" file="/s3_logs.tf"/>
		<testcase name="[NONE][CKV_AWS_375] Ensure AWS S3 bucket does not have global view ACL permissions enabled" classname="/s3_logs.tf.aws_s3_bucket_acl.cloudfront_logs_bucket_acl" file="/s3_logs.tf"/>
		<testcase name="[NONE][CKV_AWS_93] Ensure S3 bucket policy does not lockout all but root user. (Prevent lockouts needing root account fixes)" classname="/s3_logs.tf.aws_s3_bucket.cloudfront_logs" file="/s3_logs.tf"/>
		<testcase name="[NONE][CKV_AWS_54] Ensure S3 bucket has block public policy enabled" classname="/s3_logs.tf.aws_s3_bucket_public_access_block.logs_public_access_block" file="/s3_logs.tf"/>
		<testcase name="[NONE][CKV_AWS_56] Ensure S3 bucket has 'restrict_public_buckets' enabled" classname="/s3_logs.tf.aws_s3_bucket_public_access_block.logs_public_access_block" file="/s3_logs.tf"/>
		<testcase name="[NONE][CKV_AWS_53] Ensure S3 bucket has block public ACLS enabled" classname="/s3_logs.tf.aws_s3_bucket_public_access_block.logs_public_access_block" file="/s3_logs.tf"/>
		<testcase name="[NONE][CKV_AWS_55] Ensure S3 bucket has ignore public ACLs enabled" classname="/s3_logs.tf.aws_s3_bucket_public_access_block.logs_public_access_block" file="/s3_logs.tf"/>
		<testcase name="[NONE][CKV_AWS_70] Ensure S3 bucket does not allow an action with any Principal" classname="/s3_logs.tf.aws_s3_bucket_policy.logs_bucket_policy" file="/s3_logs.tf"/>
		<testcase name="[NONE][CKV_AWS_93] Ensure S3 bucket policy does not lockout all but root user. (Prevent lockouts needing root account fixes)" classname="/s3_logs.tf.aws_s3_bucket_policy.logs_bucket_policy" file="/s3_logs.tf"/>
		<testcase name="[NONE][CKV_AWS_300] Ensure S3 lifecycle configuration sets period for aborting failed uploads" classname="/s3_logs.tf.aws_s3_bucket_lifecycle_configuration.logs_lifecycle" file="/s3_logs.tf"/>
		<testcase name="[NONE][CKV_AWS_33] Ensure KMS key policy does not contain wildcard (*) principal" classname="/s3_security.tf.aws_kms_key.s3_encryption_key" file="/s3_security.tf"/>
		<testcase name="[NONE][CKV_AWS_227] Ensure KMS key is enabled" classname="/s3_security.tf.aws_kms_key.s3_encryption_key" file="/s3_security.tf"/>
		<testcase name="[NONE][CKV_AWS_7] Ensure rotation for customer created CMKs is enabled" classname="/s3_security.tf.aws_kms_key.s3_encryption_key" file="/s3_security.tf"/>
		<testcase name="[NONE][CKV_AWS_26] Ensure all data stored in the SNS topic is encrypted" classname="/s3_security.tf.aws_sns_topic.s3_event_notification" file="/s3_security.tf"/>
		<testcase name="[NONE][CKV_AWS_169] Ensure SNS topic policy is not public by only allowing specific services or principals to access it" classname="/s3_security.tf.aws_sns_topic_policy.s3_notification_policy" file="/s3_security.tf"/>
		<testcase name="[NONE][CKV_AWS_385] Ensure AWS SNS topic policies do not allow cross-account access" classname="/s3_security.tf.aws_sns_topic_policy.s3_notification_policy" file="/s3_security.tf"/>
		<testcase name="[NONE][CKV_AWS_93] Ensure S3 bucket policy does not lockout all but root user. (Prevent lockouts needing root account fixes)" classname="/s3_security.tf.aws_s3_bucket.s3_logs_bucket" file="/s3_security.tf"/>
		<testcase name="[NONE][CKV_AWS_54] Ensure S3 bucket has block public policy enabled" classname="/s3_security.tf.aws_s3_bucket_public_access_block.logs_bucket_access" file="/s3_security.tf"/>
		<testcase name="[NONE][CKV_AWS_56] Ensure S3 bucket has 'restrict_public_buckets' enabled" classname="/s3_security.tf.aws_s3_bucket_public_access_block.logs_bucket_access" file="/s3_security.tf"/>
		<testcase name="[NONE][CKV_AWS_53] Ensure S3 bucket has block public ACLS enabled" classname="/s3_security.tf.aws_s3_bucket_public_access_block.logs_bucket_access" file="/s3_security.tf"/>
		<testcase name="[NONE][CKV_AWS_55] Ensure S3 bucket has ignore public ACLs enabled" classname="/s3_security.tf.aws_s3_bucket_public_access_block.logs_bucket_access" file="/s3_security.tf"/>
		<testcase name="[NONE][CKV_AWS_300] Ensure S3 lifecycle configuration sets period for aborting failed uploads" classname="/s3_security.tf.aws_s3_bucket_lifecycle_configuration.logs_bucket_lifecycle" file="/s3_security.tf"/>
		<testcase name="[NONE][CKV_AWS_54] Ensure S3 bucket has block public policy enabled" classname="/s3_security.tf.aws_s3_bucket_public_access_block.demo_bucket_access_secure" file="/s3_security.tf"/>
		<testcase name="[NONE][CKV_AWS_56] Ensure S3 bucket has 'restrict_public_buckets' enabled" classname="/s3_security.tf.aws_s3_bucket_public_access_block.demo_bucket_access_secure" file="/s3_security.tf"/>
		<testcase name="[NONE][CKV_AWS_53] Ensure S3 bucket has block public ACLS enabled" classname="/s3_security.tf.aws_s3_bucket_public_access_block.demo_bucket_access_secure" file="/s3_security.tf"/>
		<testcase name="[NONE][CKV_AWS_55] Ensure S3 bucket has ignore public ACLs enabled" classname="/s3_security.tf.aws_s3_bucket_public_access_block.demo_bucket_access_secure" file="/s3_security.tf"/>
		<testcase name="[NONE][CKV_AWS_300] Ensure S3 lifecycle configuration sets period for aborting failed uploads" classname="/s3_security.tf.aws_s3_bucket_lifecycle_configuration.demo_bucket_lifecycle" file="/s3_security.tf"/>
		<testcase name="[NONE][CKV_AWS_300] Ensure S3 lifecycle configuration sets period for aborting failed uploads" classname="/s3_security.tf.aws_s3_bucket_lifecycle_configuration.frontend_bucket_lifecycle" file="/s3_security.tf"/>
		<testcase name="[NONE][CKV_AWS_93] Ensure S3 bucket policy does not lockout all but root user. (Prevent lockouts needing root account fixes)" classname="/s3_security.tf.aws_s3_bucket.frontend_bucket_replica" file="/s3_security.tf"/>
		<testcase name="[NONE][CKV_AWS_54] Ensure S3 bucket has block public policy enabled" classname="/s3_security.tf.aws_s3_bucket_public_access_block.replica_bucket_access" file="/s3_security.tf"/>
		<testcase name="[NONE][CKV_AWS_56] Ensure S3 bucket has 'restrict_public_buckets' enabled" classname="/s3_security.tf.aws_s3_bucket_public_access_block.replica_bucket_access" file="/s3_security.tf"/>
		<testcase name="[NONE][CKV_AWS_53] Ensure S3 bucket has block public ACLS enabled" classname="/s3_security.tf.aws_s3_bucket_public_access_block.replica_bucket_access" file="/s3_security.tf"/>
		<testcase name="[NONE][CKV_AWS_55] Ensure S3 bucket has ignore public ACLs enabled" classname="/s3_security.tf.aws_s3_bucket_public_access_block.replica_bucket_access" file="/s3_security.tf"/>
		<testcase name="[NONE][CKV_AWS_300] Ensure S3 lifecycle configuration sets period for aborting failed uploads" classname="/s3_security.tf.aws_s3_bucket_lifecycle_configuration.replica_bucket_lifecycle" file="/s3_security.tf"/>
		<testcase name="[NONE][CKV_AWS_26] Ensure all data stored in the SNS topic is encrypted" classname="/s3_security.tf.aws_sns_topic.replica_s3_event_notification" file="/s3_security.tf"/>
		<testcase name="[NONE][CKV_AWS_33] Ensure KMS key policy does not contain wildcard (*) principal" classname="/s3_security.tf.aws_kms_key.replica_encryption_key" file="/s3_security.tf"/>
		<testcase name="[NONE][CKV_AWS_227] Ensure KMS key is enabled" classname="/s3_security.tf.aws_kms_key.replica_encryption_key" file="/s3_security.tf"/>
		<testcase name="[NONE][CKV_AWS_7] Ensure rotation for customer created CMKs is enabled" classname="/s3_security.tf.aws_kms_key.replica_encryption_key" file="/s3_security.tf"/>
		<testcase name="[NONE][CKV_AWS_169] Ensure SNS topic policy is not public by only allowing specific services or principals to access it" classname="/s3_security.tf.aws_sns_topic_policy.replica_s3_notification_policy" file="/s3_security.tf"/>
		<testcase name="[NONE][CKV_AWS_385] Ensure AWS SNS topic policies do not allow cross-account access" classname="/s3_security.tf.aws_sns_topic_policy.replica_s3_notification_policy" file="/s3_security.tf"/>
		<testcase name="[NONE][CKV_AWS_61] Ensure AWS IAM policy does not allow assume role permission across all services" classname="/s3_security.tf.aws_iam_role.replication_role" file="/s3_security.tf"/>
		<testcase name="[NONE][CKV_AWS_274] Disallow IAM roles, users, and groups from using the AWS AdministratorAccess policy" classname="/s3_security.tf.aws_iam_role.replication_role" file="/s3_security.tf"/>
		<testcase name="[NONE][CKV_AWS_60] Ensure IAM role allows only specific services or principals to assume it" classname="/s3_security.tf.aws_iam_role.replication_role" file="/s3_security.tf"/>
		<testcase name="[NONE][CKV_AWS_62] Ensure IAM policies that allow full &quot;*-*&quot; administrative privileges are not created" classname="/s3_security.tf.aws_iam_policy.replication_policy" file="/s3_security.tf"/>
		<testcase name="[NONE][CKV_AWS_63] Ensure no IAM policies documents allow &quot;*&quot; as a statement's actions" classname="/s3_security.tf.aws_iam_policy.replication_policy" file="/s3_security.tf"/>
		<testcase name="[NONE][CKV_AWS_274] Disallow IAM roles, users, and groups from using the AWS AdministratorAccess policy" classname="/s3_security.tf.aws_iam_role_policy_attachment.replication_attachment" file="/s3_security.tf"/>
		<testcase name="[NONE][CKV_AWS_93] Ensure S3 bucket policy does not lockout all but root user. (Prevent lockouts needing root account fixes)" classname="/storage.tf.aws_s3_bucket.schedule_files" file="/storage.tf"/>
		<testcase name="[NONE][CKV_AWS_300] Ensure S3 lifecycle configuration sets period for aborting failed uploads" classname="/storage.tf.aws_s3_bucket_lifecycle_configuration.schedule_bucket_lifecycle" file="/storage.tf"/>
		<testcase name="[NONE][CKV_AWS_54] Ensure S3 bucket has block public policy enabled" classname="/storage.tf.aws_s3_bucket_public_access_block.schedule_public_access_block" file="/storage.tf"/>
		<testcase name="[NONE][CKV_AWS_56] Ensure S3 bucket has 'restrict_public_buckets' enabled" classname="/storage.tf.aws_s3_bucket_public_access_block.schedule_public_access_block" file="/storage.tf"/>
		<testcase name="[NONE][CKV_AWS_53] Ensure S3 bucket has block public ACLS enabled" classname="/storage.tf.aws_s3_bucket_public_access_block.schedule_public_access_block" file="/storage.tf"/>
		<testcase name="[NONE][CKV_AWS_55] Ensure S3 bucket has ignore public ACLs enabled" classname="/storage.tf.aws_s3_bucket_public_access_block.schedule_public_access_block" file="/storage.tf"/>
		<testcase name="[NONE][CKV_AWS_28] Ensure DynamoDB point in time recovery (backup) is enabled" classname="/storage.tf.aws_dynamodb_table.schedule_history" file="/storage.tf"/>
		<testcase name="[NONE][CKV_AWS_119] Ensure DynamoDB Tables are encrypted using a KMS Customer Managed CMK" classname="/storage.tf.aws_dynamodb_table.schedule_history" file="/storage.tf"/>
		<testcase name="[NONE][CKV_AWS_192] Ensure WAF prevents message lookup in Log4j2. See CVE-2021-44228 aka log4jshell" classname="/waf.tf.aws_wafv2_web_acl.cloudfront_waf" file="/waf.tf"/>
		<testcase name="[NONE][CKV_AWS_175] Ensure WAF has associated rules" classname="/waf.tf.aws_wafv2_web_acl.cloudfront_waf" file="/waf.tf"/>
		<testcase name="[NONE][CKV_AWS_342] Ensure WAF rule has any actions" classname="/waf.tf.aws_wafv2_web_acl.cloudfront_waf" file="/waf.tf"/>
		<testcase name="[NONE][CKV2_AWS_65] Ensure access control lists for S3 buckets are disabled" classname="/frontend_s3.tf.aws_s3_bucket_ownership_controls.frontend_bucket_ownership" file="/frontend_s3.tf"/>
		<testcase name="[NONE][CKV2_AWS_62] Ensure S3 buckets should have event notifications enabled" classname="/s3_logs.tf.aws_s3_bucket.cloudfront_logs" file="/s3_logs.tf"/>
		<testcase name="[NONE][CKV2_AWS_62] Ensure S3 buckets should have event notifications enabled" classname="/s3_security.tf.aws_s3_bucket.s3_logs_bucket" file="/s3_security.tf"/>
		<testcase name="[NONE][CKV2_AWS_62] Ensure S3 buckets should have event notifications enabled" classname="/S3.tf.aws_s3_bucket.demo_bucket" file="/S3.tf"/>
		<testcase name="[NONE][CKV2_AWS_62] Ensure S3 buckets should have event notifications enabled" classname="/frontend_s3.tf.aws_s3_bucket.frontend_bucket" file="/frontend_s3.tf"/>
		<testcase name="[NONE][CKV2_AWS_62] Ensure S3 buckets should have event notifications enabled" classname="/s3_security.tf.aws_s3_bucket.frontend_bucket_replica" file="/s3_security.tf"/>
		<testcase name="[NONE][CKV2_AWS_73] Ensure AWS SQS uses CMK not AWS default keys for encryption" classname="/lambda.tf.aws_sqs_queue.lambda_dlq" file="/lambda.tf"/>
		<testcase name="[NONE][CKV2_AWS_61] Ensure that an S3 bucket has a lifecycle configuration" classname="/S3.tf.aws_s3_bucket.demo_bucket" file="/S3.tf"/>
		<testcase name="[NONE][CKV2_AWS_61] Ensure that an S3 bucket has a lifecycle configuration" classname="/s3_logs.tf.aws_s3_bucket.cloudfront_logs" file="/s3_logs.tf"/>
		<testcase name="[NONE][CKV2_AWS_61] Ensure that an S3 bucket has a lifecycle configuration" classname="/s3_security.tf.aws_s3_bucket.s3_logs_bucket" file="/s3_security.tf"/>
		<testcase name="[NONE][CKV2_AWS_61] Ensure that an S3 bucket has a lifecycle configuration" classname="/frontend_s3.tf.aws_s3_bucket.frontend_bucket" file="/frontend_s3.tf"/>
		<testcase name="[NONE][CKV2_AWS_61] Ensure that an S3 bucket has a lifecycle configuration" classname="/s3_security.tf.aws_s3_bucket.frontend_bucket_replica" file="/s3_security.tf"/>
		<testcase name="[NONE][CKV2_AWS_61] Ensure that an S3 bucket has a lifecycle configuration" classname="/storage.tf.aws_s3_bucket.schedule_files" file="/storage.tf"/>
		<testcase name="[NONE][CKV2_AWS_4] Ensure API Gateway stage have logging level defined as appropriate" classname="/api_gateway.tf.aws_api_gateway_stage.stage" file="/api_gateway.tf"/>
		<testcase name="[NONE][CKV2_AWS_75] Ensure no open CORS policy" classname="/lambda.tf.aws_lambda_function.my_lambda" file="/lambda.tf"/>
		<testcase name="[NONE][CKV_AWS_20] S3 Bucket has an ACL defined which allows public READ access." classname="/s3_logs.tf.aws_s3_bucket.cloudfront_logs" file="/s3_logs.tf"/>
		<testcase name="[NONE][CKV_AWS_20] S3 Bucket has an ACL defined which allows public READ access." classname="/S3.tf.aws_s3_bucket.demo_bucket" file="/S3.tf"/>
		<testcase name="[NONE][CKV_AWS_20] S3 Bucket has an ACL defined which allows public READ access." classname="/frontend_s3.tf.aws_s3_bucket.frontend_bucket" file="/frontend_s3.tf"/>
		<testcase name="[NONE][CKV_AWS_20] S3 Bucket has an ACL defined which allows public READ access." classname="/s3_security.tf.aws_s3_bucket.s3_logs_bucket" file="/s3_security.tf"/>
		<testcase name="[NONE][CKV_AWS_20] S3 Bucket has an ACL defined which allows public READ access." classname="/s3_security.tf.aws_s3_bucket.frontend_bucket_replica" file="/s3_security.tf"/>
		<testcase name="[NONE][CKV_AWS_20] S3 Bucket has an ACL defined which allows public READ access." classname="/storage.tf.aws_s3_bucket.schedule_files" file="/storage.tf"/>
		<testcase name="[NONE][CKV2_AWS_77] Ensure AWS API Gateway Rest API attached WAFv2 WebACL is configured with AMR for Log4j Vulnerability" classname="/api_gateway.tf.aws_api_gateway_stage.stage" file="/api_gateway.tf"/>
		<testcase name="[NONE][CKV2_AWS_71] Ensure AWS ACM Certificate domain name does not include wildcards" classname="/acm.tf.aws_acm_certificate.cloudfront_cert" file="/acm.tf"/>
		<testcase name="[NONE][CKV2_AWS_56] Ensure AWS Managed IAMFullAccess IAM policy is not used." classname="/lambda.tf.aws_iam_role.lambda_role" file="/lambda.tf"/>
		<testcase name="[NONE][CKV2_AWS_56] Ensure AWS Managed IAMFullAccess IAM policy is not used." classname="/policy.tf.aws_iam_role.api_gateway_cloudwatch_role" file="/policy.tf"/>
		<testcase name="[NONE][CKV2_AWS_56] Ensure AWS Managed IAMFullAccess IAM policy is not used." classname="/s3_security.tf.aws_iam_role.replication_role" file="/s3_security.tf"/>
		<testcase name="[NONE][CKV2_AWS_53] Ensure AWS API gateway request is validated" classname="/api_gateway.tf.aws_api_gateway_method.method" file="/api_gateway.tf"/>
		<testcase name="[NONE][CKV2_AWS_40] Ensure AWS IAM policy does not allow full IAM privileges" classname="/frontend_s3.tf.aws_iam_policy_document.s3_policy" file="/frontend_s3.tf"/>
		<testcase name="[NONE][CKV2_AWS_40] Ensure AWS IAM policy does not allow full IAM privileges" classname="/lambda.tf.aws_iam_policy.lambda_logging" file="/lambda.tf"/>
		<testcase name="[NONE][CKV2_AWS_40] Ensure AWS IAM policy does not allow full IAM privileges" classname="/policy.tf.aws_iam_policy_document.api_gateway_policy_document" file="/policy.tf"/>
		<testcase name="[NONE][CKV2_AWS_40] Ensure AWS IAM policy does not allow full IAM privileges" classname="/policy.tf.aws_iam_policy.api_gateway_cloudwatch_policy" file="/policy.tf"/>
		<testcase name="[NONE][CKV2_AWS_46] Ensure AWS CloudFront Distribution with S3 have Origin Access set to enabled" classname="/cloudfront.tf.aws_cloudfront_distribution.frontend_distribution" file="/cloudfront.tf"/>
		<testcase name="[NONE][CKV2_AWS_64] Ensure KMS key Policy is defined" classname="/kms.tf.aws_kms_key.logs_key" file="/kms.tf"/>
		<testcase name="[NONE][CKV2_AWS_64] Ensure KMS key Policy is defined" classname="/kms.tf.aws_kms_key.lambda_key" file="/kms.tf"/>
		<testcase name="[NONE][CKV2_AWS_64] Ensure KMS key Policy is defined" classname="/kms.tf.aws_kms_key.dynamodb_key" file="/kms.tf"/>
		<testcase name="[NONE][CKV_AWS_145] Ensure that S3 buckets are encrypted with KMS by default" classname="/S3.tf.aws_s3_bucket.demo_bucket" file="/S3.tf"/>
		<testcase name="[NONE][CKV_AWS_145] Ensure that S3 buckets are encrypted with KMS by default" classname="/frontend_s3.tf.aws_s3_bucket.frontend_bucket" file="/frontend_s3.tf"/>
		<testcase name="[NONE][CKV_AWS_145] Ensure that S3 buckets are encrypted with KMS by default" classname="/s3_logs.tf.aws_s3_bucket.cloudfront_logs" file="/s3_logs.tf"/>
		<testcase name="[NONE][CKV_AWS_145] Ensure that S3 buckets are encrypted with KMS by default" classname="/s3_security.tf.aws_s3_bucket.s3_logs_bucket" file="/s3_security.tf"/>
		<testcase name="[NONE][CKV_AWS_145] Ensure that S3 buckets are encrypted with KMS by default" classname="/s3_security.tf.aws_s3_bucket.frontend_bucket_replica" file="/s3_security.tf"/>
		<testcase name="[NONE][CKV_AWS_145] Ensure that S3 buckets are encrypted with KMS by default" classname="/storage.tf.aws_s3_bucket.schedule_files" file="/storage.tf"/>
		<testcase name="[NONE][CKV2_AWS_54] Ensure AWS CloudFront distribution is using secure SSL protocols for HTTPS communication" classname="/cloudfront.tf.aws_cloudfront_distribution.frontend_distribution" file="/cloudfront.tf"/>
		<testcase name="[NONE][CKV_AWS_57] S3 Bucket has an ACL defined which allows public WRITE access." classname="/s3_logs.tf.aws_s3_bucket.cloudfront_logs" file="/s3_logs.tf"/>
		<testcase name="[NONE][CKV_AWS_57] S3 Bucket has an ACL defined which allows public WRITE access." classname="/S3.tf.aws_s3_bucket.demo_bucket" file="/S3.tf"/>
		<testcase name="[NONE][CKV_AWS_57] S3 Bucket has an ACL defined which allows public WRITE access." classname="/frontend_s3.tf.aws_s3_bucket.frontend_bucket" file="/frontend_s3.tf"/>
		<testcase name="[NONE][CKV_AWS_57] S3 Bucket has an ACL defined which allows public WRITE access." classname="/s3_security.tf.aws_s3_bucket.s3_logs_bucket" file="/s3_security.tf"/>
		<testcase name="[NONE][CKV_AWS_57] S3 Bucket has an ACL defined which allows public WRITE access." classname="/s3_security.tf.aws_s3_bucket.frontend_bucket_replica" file="/s3_security.tf"/>
		<testcase name="[NONE][CKV_AWS_57] S3 Bucket has an ACL defined which allows public WRITE access." classname="/storage.tf.aws_s3_bucket.schedule_files" file="/storage.tf"/>
		<testcase name="[NONE][CKV2_AWS_72] Ensure AWS CloudFront origin protocol policy enforces HTTPS-only" classname="/cloudfront.tf.aws_cloudfront_distribution.frontend_distribution" file="/cloudfront.tf"/>
		<testcase name="[NONE][CKV_AWS_18] Ensure the S3 bucket has access logging enabled" classname="/S3.tf.aws_s3_bucket.demo_bucket" file="/S3.tf"/>
		<testcase name="[NONE][CKV_AWS_18] Ensure the S3 bucket has access logging enabled" classname="/s3_security.tf.aws_s3_bucket.s3_logs_bucket" file="/s3_security.tf"/>
		<testcase name="[NONE][CKV_AWS_18] Ensure the S3 bucket has access logging enabled" classname="/frontend_s3.tf.aws_s3_bucket.frontend_bucket" file="/frontend_s3.tf"/>
		<testcase name="[NONE][CKV_AWS_18] Ensure the S3 bucket has access logging enabled" classname="/s3_logs.tf.aws_s3_bucket.cloudfront_logs" file="/s3_logs.tf"/>
		<testcase name="[NONE][CKV_AWS_18] Ensure the S3 bucket has access logging enabled" classname="/storage.tf.aws_s3_bucket.schedule_files" file="/storage.tf"/>
		<testcase name="[NONE][CKV_AWS_21] Ensure all data stored in the S3 bucket have versioning enabled" classname="/S3.tf.aws_s3_bucket.demo_bucket" file="/S3.tf"/>
		<testcase name="[NONE][CKV_AWS_21] Ensure all data stored in the S3 bucket have versioning enabled" classname="/frontend_s3.tf.aws_s3_bucket.frontend_bucket" file="/frontend_s3.tf"/>
		<testcase name="[NONE][CKV_AWS_21] Ensure all data stored in the S3 bucket have versioning enabled" classname="/s3_logs.tf.aws_s3_bucket.cloudfront_logs" file="/s3_logs.tf"/>
		<testcase name="[NONE][CKV_AWS_21] Ensure all data stored in the S3 bucket have versioning enabled" classname="/s3_security.tf.aws_s3_bucket.s3_logs_bucket" file="/s3_security.tf"/>
		<testcase name="[NONE][CKV_AWS_21] Ensure all data stored in the S3 bucket have versioning enabled" classname="/s3_security.tf.aws_s3_bucket.frontend_bucket_replica" file="/s3_security.tf"/>
		<testcase name="[NONE][CKV_AWS_21] Ensure all data stored in the S3 bucket have versioning enabled" classname="/storage.tf.aws_s3_bucket.schedule_files" file="/storage.tf"/>
		<testcase name="[NONE][CKV2_AWS_16] Ensure that Auto Scaling is enabled on your DynamoDB tables" classname="/storage.tf.aws_dynamodb_table.schedule_history" file="/storage.tf"/>
		<testcase name="[NONE][CKV2_AWS_43] Ensure S3 Bucket does not allow access to all Authenticated users" classname="/s3_logs.tf.aws_s3_bucket_acl.cloudfront_logs_bucket_acl" file="/s3_logs.tf"/>
		<testcase name="[NONE][CKV_AWS_19] Ensure all data stored in the S3 bucket is securely encrypted at rest" classname="/S3.tf.aws_s3_bucket.demo_bucket" file="/S3.tf"/>
		<testcase name="[NONE][CKV_AWS_19] Ensure all data stored in the S3 bucket is securely encrypted at rest" classname="/frontend_s3.tf.aws_s3_bucket.frontend_bucket" file="/frontend_s3.tf"/>
		<testcase name="[NONE][CKV_AWS_19] Ensure all data stored in the S3 bucket is securely encrypted at rest" classname="/s3_logs.tf.aws_s3_bucket.cloudfront_logs" file="/s3_logs.tf"/>
		<testcase name="[NONE][CKV_AWS_19] Ensure all data stored in the S3 bucket is securely encrypted at rest" classname="/s3_security.tf.aws_s3_bucket.s3_logs_bucket" file="/s3_security.tf"/>
		<testcase name="[NONE][CKV_AWS_19] Ensure all data stored in the S3 bucket is securely encrypted at rest" classname="/s3_security.tf.aws_s3_bucket.frontend_bucket_replica" file="/s3_security.tf"/>
		<testcase name="[NONE][CKV_AWS_19] Ensure all data stored in the S3 bucket is securely encrypted at rest" classname="/storage.tf.aws_s3_bucket.schedule_files" file="/storage.tf"/>
		<testcase name="[NONE][CKV_AWS_144] Ensure that S3 bucket has cross-region replication enabled" classname="/frontend_s3.tf.aws_s3_bucket.frontend_bucket" file="/frontend_s3.tf"/>
		<testcase name="[NONE][CKV_AWS_144] Ensure that S3 bucket has cross-region replication enabled" classname="/s3_security.tf.aws_s3_bucket.frontend_bucket_replica" file="/s3_security.tf"/>
		<testcase name="[NONE][CKV2_AWS_6] Ensure that S3 bucket has a Public Access block" classname="/S3.tf.aws_s3_bucket.demo_bucket" file="/S3.tf"/>
		<testcase name="[NONE][CKV2_AWS_6] Ensure that S3 bucket has a Public Access block" classname="/frontend_s3.tf.aws_s3_bucket.frontend_bucket" file="/frontend_s3.tf"/>
		<testcase name="[NONE][CKV2_AWS_6] Ensure that S3 bucket has a Public Access block" classname="/s3_logs.tf.aws_s3_bucket.cloudfront_logs" file="/s3_logs.tf"/>
		<testcase name="[NONE][CKV2_AWS_6] Ensure that S3 bucket has a Public Access block" classname="/s3_security.tf.aws_s3_bucket.s3_logs_bucket" file="/s3_security.tf"/>
		<testcase name="[NONE][CKV2_AWS_6] Ensure that S3 bucket has a Public Access block" classname="/s3_security.tf.aws_s3_bucket.frontend_bucket_replica" file="/s3_security.tf"/>
		<testcase name="[NONE][CKV2_AWS_6] Ensure that S3 bucket has a Public Access block" classname="/storage.tf.aws_s3_bucket.schedule_files" file="/storage.tf"/>
		<testcase name="[NONE][CKV_AWS_310] Ensure CloudFront distributions should have origin failover configured" classname="/cloudfront.tf.aws_cloudfront_distribution.frontend_distribution" file="/cloudfront.tf">
			<failure type="failure" message="Ensure CloudFront distributions should have origin failover configured">
Resource: aws_cloudfront_distribution.frontend_distribution
File: /cloudfront.tf: 5-99
Guideline: https://docs.prismacloud.io/en/enterprise-edition/policy-reference/aws-policies/aws-general-policies/bc-aws-310

		Code lines for this resource are too many. Please use IDE of your choice to review the file.</failure>
		</testcase>
		<testcase name="[NONE][CKV_AWS_174] Verify CloudFront Distribution Viewer Certificate is using TLS v1.2" classname="/cloudfront.tf.aws_cloudfront_distribution.frontend_distribution" file="/cloudfront.tf">
			<failure type="failure" message="Verify CloudFront Distribution Viewer Certificate is using TLS v1.2">
Resource: aws_cloudfront_distribution.frontend_distribution
File: /cloudfront.tf: 5-99
Guideline: https://docs.prismacloud.io/en/enterprise-edition/policy-reference/aws-policies/aws-networking-policies/bc-aws-networking-63

		Code lines for this resource are too many. Please use IDE of your choice to review the file.</failure>
		</testcase>
		<testcase name="[NONE][CKV_AWS_27] Ensure all data stored in the SQS queue is encrypted" classname="/lambda.tf.aws_sqs_queue.lambda_dlq" file="/lambda.tf">
			<failure type="failure" message="Ensure all data stored in the SQS queue is encrypted">
Resource: aws_sqs_queue.lambda_dlq
File: /lambda.tf: 106-112
Guideline: https://docs.prismacloud.io/en/enterprise-edition/policy-reference/aws-policies/aws-general-policies/general-16-encrypt-sqs-queue

		106 | resource &quot;aws_sqs_queue&quot; &quot;lambda_dlq&quot; {
		107 |   name = &quot;lambda-dlq&quot;
		108 |   
		109 |   tags = {
		110 |     Name = &quot;Lambda Dead Letter Queue&quot;
		111 |   }
		112 | }
</failure>
		</testcase>
		<testcase name="[NONE][CKV_AWS_117] Ensure that AWS Lambda function is configured inside a VPC" classname="/lambda.tf.aws_lambda_function.my_lambda" file="/lambda.tf">
			<failure type="failure" message="Ensure that AWS Lambda function is configured inside a VPC">
Resource: aws_lambda_function.my_lambda
File: /lambda.tf: 115-159
Guideline: https://docs.prismacloud.io/en/enterprise-edition/policy-reference/aws-policies/aws-general-policies/ensure-that-aws-lambda-function-is-configured-inside-a-vpc-1

		115 | resource &quot;aws_lambda_function&quot; &quot;my_lambda&quot; {
		116 |   function_name = &quot;my-lambda-function&quot;
		117 |   # Path to the deployment package
		118 |   filename         = &quot;dist/lambda_function.zip&quot;
		119 |   source_code_hash = filebase64sha256(&quot;dist/lambda_function.zip&quot;)
		120 |   
		121 |   # Replace with your handler and runtime as needed
		122 |   handler = &quot;index.handler&quot;
		123 |   runtime = &quot;nodejs20.x&quot;  # Updated to non-deprecated runtime
		124 |   
		125 |   role = aws_iam_role.lambda_role.arn
		126 |   
		127 |   # Enable X-Ray tracing
		128 |   tracing_config {
		129 |     mode = &quot;Active&quot;
		130 |   }
		131 |   
		132 |   # Set concurrent execution limit
		133 |   reserved_concurrent_executions = 100
		134 |   
		135 |   # Configure Dead Letter Queue
		136 |   dead_letter_config {
		137 |     target_arn = aws_sqs_queue.lambda_dlq.arn
		138 |   }
		139 |   
		140 |   environment {
		141 |     variables = {
		142 |       ENVIRONMENT    = &quot;production&quot;
		143 |       S3_BUCKET_NAME = aws_s3_bucket.schedule_files.id
		144 |       DYNAMODB_TABLE = aws_dynamodb_table.schedule_history.name
		145 |     }
		146 |   }
		147 |   
		148 |   # Encrypt environment variables with KMS
		149 |   kms_key_arn = aws_kms_key.lambda_key.arn
		150 |   
		151 |   # Configure timeout and memory
		152 |   timeout     = 60
		153 |   memory_size = 256
		154 |   
		155 |   tags = {
		156 |     Name        = &quot;Academic Schedule Lambda&quot;
		157 |     Environment = &quot;production&quot;
		158 |   }
		159 | }
</failure>
		</testcase>
		<testcase name="[NONE][CKV_AWS_272] Ensure AWS Lambda function is configured to validate code-signing" classname="/lambda.tf.aws_lambda_function.my_lambda" file="/lambda.tf">
			<failure type="failure" message="Ensure AWS Lambda function is configured to validate code-signing">
Resource: aws_lambda_function.my_lambda
File: /lambda.tf: 115-159
Guideline: https://docs.prismacloud.io/en/enterprise-edition/policy-reference/aws-policies/aws-general-policies/bc-aws-272

		115 | resource &quot;aws_lambda_function&quot; &quot;my_lambda&quot; {
		116 |   function_name = &quot;my-lambda-function&quot;
		117 |   # Path to the deployment package
		118 |   filename         = &quot;dist/lambda_function.zip&quot;
		119 |   source_code_hash = filebase64sha256(&quot;dist/lambda_function.zip&quot;)
		120 |   
		121 |   # Replace with your handler and runtime as needed
		122 |   handler = &quot;index.handler&quot;
		123 |   runtime = &quot;nodejs20.x&quot;  # Updated to non-deprecated runtime
		124 |   
		125 |   role = aws_iam_role.lambda_role.arn
		126 |   
		127 |   # Enable X-Ray tracing
		128 |   tracing_config {
		129 |     mode = &quot;Active&quot;
		130 |   }
		131 |   
		132 |   # Set concurrent execution limit
		133 |   reserved_concurrent_executions = 100
		134 |   
		135 |   # Configure Dead Letter Queue
		136 |   dead_letter_config {
		137 |     target_arn = aws_sqs_queue.lambda_dlq.arn
		138 |   }
		139 |   
		140 |   environment {
		141 |     variables = {
		142 |       ENVIRONMENT    = &quot;production&quot;
		143 |       S3_BUCKET_NAME = aws_s3_bucket.schedule_files.id
		144 |       DYNAMODB_TABLE = aws_dynamodb_table.schedule_history.name
		145 |     }
		146 |   }
		147 |   
		148 |   # Encrypt environment variables with KMS
		149 |   kms_key_arn = aws_kms_key.lambda_key.arn
		150 |   
		151 |   # Configure timeout and memory
		152 |   timeout     = 60
		153 |   memory_size = 256
		154 |   
		155 |   tags = {
		156 |     Name        = &quot;Academic Schedule Lambda&quot;
		157 |     Environment = &quot;production&quot;
		158 |   }
		159 | }
</failure>
		</testcase>
		<testcase name="[NONE][CKV_AWS_40] Ensure IAM policies are attached only to groups or roles (Reducing access management complexity may in-turn reduce opportunity for a principal to inadvertently receive or retain excessive privileges.)" classname="/policy.tf.aws_iam_user_policy_attachment.leonardo_api_gateway_policy" file="/policy.tf">
			<failure type="failure" message="Ensure IAM policies are attached only to groups or roles (Reducing access management complexity may in-turn reduce opportunity for a principal to inadvertently receive or retain excessive privileges.)">
Resource: aws_iam_user_policy_attachment.leonardo_api_gateway_policy
File: /policy.tf: 166-169
Guideline: https://docs.prismacloud.io/en/enterprise-edition/policy-reference/aws-policies/aws-iam-policies/iam-16-iam-policy-privileges-1

		166 | resource &quot;aws_iam_user_policy_attachment&quot; &quot;leonardo_api_gateway_policy&quot; {
		167 |   user       = data.aws_iam_user.leonardo.user_name
		168 |   policy_arn = aws_iam_policy.api_gateway_management_policy.arn
		169 | }
</failure>
		</testcase>
		<testcase name="[NONE][CKV_AWS_356] Ensure no IAM policies documents allow &quot;*&quot; as a statement's resource for restrictable actions" classname="/policy.tf.aws_iam_policy_document.api_gateway_policy_document" file="/policy.tf">
			<failure type="failure" message="Ensure no IAM policies documents allow &quot;*&quot; as a statement's resource for restrictable actions">
Resource: aws_iam_policy_document.api_gateway_policy_document
File: /policy.tf: 4-81
Guideline: https://docs.prismacloud.io/en/enterprise-edition/policy-reference/aws-policies/aws-iam-policies/bc-aws-356

		Code lines for this resource are too many. Please use IDE of your choice to review the file.</failure>
		</testcase>
		<testcase name="[NONE][CKV_AWS_109] Ensure IAM policies does not allow permissions management / resource exposure without constraints" classname="/policy.tf.aws_iam_policy_document.api_gateway_policy_document" file="/policy.tf">
			<failure type="failure" message="Ensure IAM policies does not allow permissions management / resource exposure without constraints">
Resource: aws_iam_policy_document.api_gateway_policy_document
File: /policy.tf: 4-81
Guideline: https://docs.prismacloud.io/en/enterprise-edition/policy-reference/aws-policies/aws-iam-policies/ensure-iam-policies-do-not-allow-permissions-management-resource-exposure-without-constraint

		Code lines for this resource are too many. Please use IDE of your choice to review the file.</failure>
		</testcase>
		<testcase name="[NONE][CKV_AWS_111] Ensure IAM policies does not allow write access without constraints" classname="/policy.tf.aws_iam_policy_document.api_gateway_policy_document" file="/policy.tf">
			<failure type="failure" message="Ensure IAM policies does not allow write access without constraints">
Resource: aws_iam_policy_document.api_gateway_policy_document
File: /policy.tf: 4-81
Guideline: https://docs.prismacloud.io/en/enterprise-edition/policy-reference/aws-policies/aws-iam-policies/ensure-iam-policies-do-not-allow-write-access-without-constraint

		Code lines for this resource are too many. Please use IDE of your choice to review the file.</failure>
		</testcase>
		<testcase name="[NONE][CKV2_AWS_65] Ensure access control lists for S3 buckets are disabled" classname="/s3_logs.tf.aws_s3_bucket_ownership_controls.cloudfront_logs_bucket_ownership" file="/s3_logs.tf">
			<failure type="failure" message="Ensure access control lists for S3 buckets are disabled">
Resource: aws_s3_bucket_ownership_controls.cloudfront_logs_bucket_ownership
File: /s3_logs.tf: 2-8
Guideline: https://docs.prismacloud.io/en/enterprise-edition/policy-reference/aws-policies/aws-general-policies/bc-aws-general-112

		2 | resource &quot;aws_s3_bucket_ownership_controls&quot; &quot;cloudfront_logs_bucket_ownership&quot; {
		3 |   bucket = aws_s3_bucket.cloudfront_logs.id
		4 | 
		5 |   rule {
		6 |     object_ownership = &quot;BucketOwnerPreferred&quot;
		7 |   }
		8 | }
</failure>
		</testcase>
		<testcase name="[NONE][CKV2_AWS_62] Ensure S3 buckets should have event notifications enabled" classname="/storage.tf.aws_s3_bucket.schedule_files" file="/storage.tf">
			<failure type="failure" message="Ensure S3 buckets should have event notifications enabled">
Resource: aws_s3_bucket.schedule_files
File: /storage.tf: 2-9
Guideline: https://docs.prismacloud.io/en/enterprise-edition/policy-reference/aws-policies/aws-logging-policies/bc-aws-2-62

		2 | resource &quot;aws_s3_bucket&quot; &quot;schedule_files&quot; {
		3 |   bucket = &quot;academic-schedule-files-${random_id.bucket_suffix.hex}&quot;
		4 | 
		5 |   tags = {
		6 |     Name        = &quot;AcademicScheduleBucket&quot;
		7 |     Description = &quot;Stores generated academic schedule files&quot;
		8 |   }
		9 | }
</failure>
		</testcase>
		<testcase name="[NONE][CKV2_AWS_31] Ensure WAF2 has a Logging Configuration" classname="/waf.tf.aws_wafv2_web_acl.cloudfront_waf" file="/waf.tf">
			<failure type="failure" message="Ensure WAF2 has a Logging Configuration">
Resource: aws_wafv2_web_acl.cloudfront_waf
File: /waf.tf: 2-114
Guideline: https://docs.prismacloud.io/en/enterprise-edition/policy-reference/aws-policies/aws-logging-policies/bc-aws-logging-33

		Code lines for this resource are too many. Please use IDE of your choice to review the file.</failure>
		</testcase>
		<testcase name="[NONE][CKV2_AWS_64] Ensure KMS key Policy is defined" classname="/s3_security.tf.aws_kms_key.s3_encryption_key" file="/s3_security.tf">
			<failure type="failure" message="Ensure KMS key Policy is defined">
Resource: aws_kms_key.s3_encryption_key
File: /s3_security.tf: 2-10
Guideline: https://docs.prismacloud.io/en/enterprise-edition/policy-reference/aws-policies/aws-iam-policies/bc-aws-2-64

		2  | resource &quot;aws_kms_key&quot; &quot;s3_encryption_key&quot; {
		3  |   description             = &quot;KMS key for S3 bucket encryption&quot;
		4  |   deletion_window_in_days = 10
		5  |   enable_key_rotation     = true
		6  | 
		7  |   tags = {
		8  |     Name = &quot;s3-encryption-key&quot;
		9  |   }
		10 | }
</failure>
		</testcase>
		<testcase name="[NONE][CKV2_AWS_64] Ensure KMS key Policy is defined" classname="/s3_security.tf.aws_kms_key.replica_encryption_key" file="/s3_security.tf">
			<failure type="failure" message="Ensure KMS key Policy is defined">
Resource: aws_kms_key.replica_encryption_key
File: /s3_security.tf: 481-490
Guideline: https://docs.prismacloud.io/en/enterprise-edition/policy-reference/aws-policies/aws-iam-policies/bc-aws-2-64

		481 | resource &quot;aws_kms_key&quot; &quot;replica_encryption_key&quot; {
		482 |   provider                = aws.replica
		483 |   description             = &quot;KMS key for S3 bucket encryption in replica region&quot;
		484 |   deletion_window_in_days = 10
		485 |   enable_key_rotation     = true
		486 | 
		487 |   tags = {
		488 |     Name = &quot;replica-s3-encryption-key&quot;
		489 |   }
		490 | }
</failure>
		</testcase>
		<testcase name="[NONE][CKV2_AWS_32] Ensure CloudFront distribution has a response headers policy attached" classname="/cloudfront.tf.aws_cloudfront_distribution.frontend_distribution" file="/cloudfront.tf">
			<failure type="failure" message="Ensure CloudFront distribution has a response headers policy attached">
Resource: aws_cloudfront_distribution.frontend_distribution
File: /cloudfront.tf: 5-99
Guideline: https://docs.prismacloud.io/en/enterprise-edition/policy-reference/aws-policies/aws-networking-policies/bc-aws-networking-65

		Code lines for this resource are too many. Please use IDE of your choice to review the file.</failure>
		</testcase>
		<testcase name="[NONE][CKV2_AWS_42] Ensure AWS CloudFront distribution uses custom SSL certificate" classname="/cloudfront.tf.aws_cloudfront_distribution.frontend_distribution" file="/cloudfront.tf">
			<failure type="failure" message="Ensure AWS CloudFront distribution uses custom SSL certificate">
Resource: aws_cloudfront_distribution.frontend_distribution
File: /cloudfront.tf: 5-99
Guideline: https://docs.prismacloud.io/en/enterprise-edition/policy-reference/aws-policies/aws-networking-policies/ensure-aws-cloudfront-distribution-uses-custom-ssl-certificate

		Code lines for this resource are too many. Please use IDE of your choice to review the file.</failure>
		</testcase>
		<testcase name="[NONE][CKV_AWS_18] Ensure the S3 bucket has access logging enabled" classname="/s3_security.tf.aws_s3_bucket.frontend_bucket_replica" file="/s3_security.tf">
			<failure type="failure" message="Ensure the S3 bucket has access logging enabled">
Resource: aws_s3_bucket.frontend_bucket_replica
File: /s3_security.tf: 393-401
Guideline: https://docs.prismacloud.io/en/enterprise-edition/policy-reference/aws-policies/s3-policies/s3-13-enable-logging

		393 | resource &quot;aws_s3_bucket&quot; &quot;frontend_bucket_replica&quot; {
		394 |   provider = aws.replica
		395 |   bucket   = &quot;${var.bucket_name_prefix}-frontend-replica-${data.aws_caller_identity.current.account_id}&quot;
		396 | 
		397 |   tags = {
		398 |     Name        = &quot;Frontend Bucket Replica&quot;
		399 |     Environment = terraform.workspace
		400 |   }
		401 | }
</failure>
		</testcase>
		<testcase name="[NONE][CKV2_AWS_51] Ensure AWS API Gateway endpoints uses client certificate authentication" classname="/api_gateway.tf.aws_api_gateway_stage.stage" file="/api_gateway.tf">
			<failure type="failure" message="Ensure AWS API Gateway endpoints uses client certificate authentication">
Resource: aws_api_gateway_stage.stage
File: /api_gateway.tf: 144-174
Guideline: https://docs.prismacloud.io/en/enterprise-edition/policy-reference/aws-policies/aws-general-policies/bc-aws-2-51

		144 | resource &quot;aws_api_gateway_stage&quot; &quot;stage&quot; {
		145 |   deployment_id = aws_api_gateway_deployment.deployment.id
		146 |   rest_api_id   = aws_api_gateway_rest_api.api.id
		147 |   stage_name    = &quot;prod&quot;  # Stage name, e.g., prod, dev, test
		148 |   
		149 |   # Enable X-Ray tracing
		150 |   xray_tracing_enabled = true
		151 |   
		152 |   # Enable caching
		153 |   cache_cluster_enabled = true
		154 |   cache_cluster_size    = &quot;0.5&quot;  # 0.5 GB cache
		155 |   
		156 |   # Access logging
		157 |   access_log_settings {
		158 |     destination_arn = aws_cloudwatch_log_group.api_gateway_access_logs.arn
		159 |     format = jsonencode({
		160 |       requestId      = &quot;$context.requestId&quot;
		161 |       ip             = &quot;$context.identity.sourceIp&quot;
		162 |       caller         = &quot;$context.identity.caller&quot;
		163 |       user           = &quot;$context.identity.user&quot;
		164 |       requestTime    = &quot;$context.requestTime&quot;
		165 |       httpMethod     = &quot;$context.httpMethod&quot;
		166 |       resourcePath   = &quot;$context.resourcePath&quot;
		167 |       status         = &quot;$context.status&quot;
		168 |       protocol       = &quot;$context.protocol&quot;
		169 |       responseLength = &quot;$context.responseLength&quot;
		170 |     })
		171 |   }
		172 |   
		173 |   depends_on = [aws_cloudwatch_log_group.api_gateway_access_logs]
		174 | }
</failure>
		</testcase>
		<testcase name="[NONE][CKV2_AWS_29] Ensure public API gateway are protected by WAF" classname="/api_gateway.tf.aws_api_gateway_stage.stage" file="/api_gateway.tf">
			<failure type="failure" message="Ensure public API gateway are protected by WAF">
Resource: aws_api_gateway_stage.stage
File: /api_gateway.tf: 144-174
Guideline: https://docs.prismacloud.io/en/enterprise-edition/policy-reference/aws-policies/aws-networking-policies/ensure-public-api-gateway-are-protected-by-waf

		144 | resource &quot;aws_api_gateway_stage&quot; &quot;stage&quot; {
		145 |   deployment_id = aws_api_gateway_deployment.deployment.id
		146 |   rest_api_id   = aws_api_gateway_rest_api.api.id
		147 |   stage_name    = &quot;prod&quot;  # Stage name, e.g., prod, dev, test
		148 |   
		149 |   # Enable X-Ray tracing
		150 |   xray_tracing_enabled = true
		151 |   
		152 |   # Enable caching
		153 |   cache_cluster_enabled = true
		154 |   cache_cluster_size    = &quot;0.5&quot;  # 0.5 GB cache
		155 |   
		156 |   # Access logging
		157 |   access_log_settings {
		158 |     destination_arn = aws_cloudwatch_log_group.api_gateway_access_logs.arn
		159 |     format = jsonencode({
		160 |       requestId      = &quot;$context.requestId&quot;
		161 |       ip             = &quot;$context.identity.sourceIp&quot;
		162 |       caller         = &quot;$context.identity.caller&quot;
		163 |       user           = &quot;$context.identity.user&quot;
		164 |       requestTime    = &quot;$context.requestTime&quot;
		165 |       httpMethod     = &quot;$context.httpMethod&quot;
		166 |       resourcePath   = &quot;$context.resourcePath&quot;
		167 |       status         = &quot;$context.status&quot;
		168 |       protocol       = &quot;$context.protocol&quot;
		169 |       responseLength = &quot;$context.responseLength&quot;
		170 |     })
		171 |   }
		172 |   
		173 |   depends_on = [aws_cloudwatch_log_group.api_gateway_access_logs]
		174 | }
</failure>
		</testcase>
		<testcase name="[NONE][CKV2_AWS_47] Ensure AWS CloudFront attached WAFv2 WebACL is configured with AMR for Log4j Vulnerability" classname="/cloudfront.tf.aws_cloudfront_distribution.frontend_distribution" file="/cloudfront.tf">
			<failure type="failure" message="Ensure AWS CloudFront attached WAFv2 WebACL is configured with AMR for Log4j Vulnerability">
Resource: aws_cloudfront_distribution.frontend_distribution
File: /cloudfront.tf: 5-99
Guideline: https://docs.prismacloud.io/en/enterprise-edition/policy-reference/aws-policies/aws-general-policies/bc-aws-general-47

		Code lines for this resource are too many. Please use IDE of your choice to review the file.</failure>
		</testcase>
		<testcase name="[NONE][CKV_AWS_144] Ensure that S3 bucket has cross-region replication enabled" classname="/S3.tf.aws_s3_bucket.demo_bucket" file="/S3.tf">
			<failure type="failure" message="Ensure that S3 bucket has cross-region replication enabled">
Resource: aws_s3_bucket.demo_bucket
File: /S3.tf: 1-7
Guideline: https://docs.prismacloud.io/en/enterprise-edition/policy-reference/aws-policies/aws-general-policies/ensure-that-s3-bucket-has-cross-region-replication-enabled

		1 | resource &quot;aws_s3_bucket&quot; &quot;demo_bucket&quot; {
		2 |   bucket = &quot;demo-bucket-leonardo&quot;
		3 | 
		4 |   tags = {
		5 |     Name        = &quot;Demo Bucket Leonardo&quot;
		6 |   }
		7 | }
</failure>
		</testcase>
		<testcase name="[NONE][CKV_AWS_144] Ensure that S3 bucket has cross-region replication enabled" classname="/s3_logs.tf.aws_s3_bucket.cloudfront_logs" file="/s3_logs.tf">
			<failure type="failure" message="Ensure that S3 bucket has cross-region replication enabled">
Resource: aws_s3_bucket.cloudfront_logs
File: /s3_logs.tf: 19-26
Guideline: https://docs.prismacloud.io/en/enterprise-edition/policy-reference/aws-policies/aws-general-policies/ensure-that-s3-bucket-has-cross-region-replication-enabled

		19 | resource &quot;aws_s3_bucket&quot; &quot;cloudfront_logs&quot; {
		20 |   bucket = &quot;cloudfront-access-logs-${data.aws_caller_identity.current.account_id}&quot;
		21 | 
		22 |   tags = {
		23 |     Name        = &quot;CloudFront-Access-Logs&quot;
		24 |     Environment = &quot;production&quot;
		25 |   }
		26 | }
</failure>
		</testcase>
		<testcase name="[NONE][CKV_AWS_144] Ensure that S3 bucket has cross-region replication enabled" classname="/s3_security.tf.aws_s3_bucket.s3_logs_bucket" file="/s3_security.tf">
			<failure type="failure" message="Ensure that S3 bucket has cross-region replication enabled">
Resource: aws_s3_bucket.s3_logs_bucket
File: /s3_security.tf: 64-72
Guideline: https://docs.prismacloud.io/en/enterprise-edition/policy-reference/aws-policies/aws-general-policies/ensure-that-s3-bucket-has-cross-region-replication-enabled

		64 | resource &quot;aws_s3_bucket&quot; &quot;s3_logs_bucket&quot; {
		65 |   # Use the default provider (us-east-1) instead of eu_west_1
		66 |   bucket = &quot;${var.bucket_name_prefix}-logs-${data.aws_caller_identity.current.account_id}-${formatdate(&quot;YYYYMMDDhhmmss&quot;, timestamp())}&quot;
		67 | 
		68 |   tags = {
		69 |     Name        = &quot;S3 Access Logs Bucket&quot;
		70 |     Environment = terraform.workspace
		71 |   }
		72 | }
</failure>
		</testcase>
		<testcase name="[NONE][CKV_AWS_144] Ensure that S3 bucket has cross-region replication enabled" classname="/storage.tf.aws_s3_bucket.schedule_files" file="/storage.tf">
			<failure type="failure" message="Ensure that S3 bucket has cross-region replication enabled">
Resource: aws_s3_bucket.schedule_files
File: /storage.tf: 2-9
Guideline: https://docs.prismacloud.io/en/enterprise-edition/policy-reference/aws-policies/aws-general-policies/ensure-that-s3-bucket-has-cross-region-replication-enabled

		2 | resource &quot;aws_s3_bucket&quot; &quot;schedule_files&quot; {
		3 |   bucket = &quot;academic-schedule-files-${random_id.bucket_suffix.hex}&quot;
		4 | 
		5 |   tags = {
		6 |     Name        = &quot;AcademicScheduleBucket&quot;
		7 |     Description = &quot;Stores generated academic schedule files&quot;
		8 |   }
		9 | }
</failure>
		</testcase>
	</testsuite>
</testsuites>
